LD_LIBRARY_PATH=.:/rds/user/jhz22/hpc-work/lib:/usr/local/software/master/gcc/6/lib64:/usr/local/software/master/gcc/6/lib:/usr/local/Cluster-Apps/intel/2017.4/compilers_and_libraries_2017.4.196/linux/daal/lib/intel64_lin:/usr/local/Cluster-Apps/intel/2017.4/compilers_and_libraries_2017.4.196/linux/daal/../tbb/lib/intel64_lin/gcc4.4:/usr/local/Cluster-Apps/intel/2017.4/compilers_and_libraries_2017.4.196/linux/ipp/lib/intel64:/usr/local/Cluster-Apps/intel/2017.4/compilers_and_libraries_2017.4.196/linux/tbb/lib/intel64/gcc4.7:/usr/local/Cluster-Apps/intel/2017.4/debugger_2017/iga/lib:/usr/local/Cluster-Apps/intel/2017.4/debugger_2017/libipt/intel64/lib:/usr/local/Cluster-Apps/intel/2017.4/compilers_and_libraries_2017.4.196/linux/mpi/intel64/lib:/usr/local/Cluster-Apps/intel/2017.4/compilers_and_libraries_2017.4.196/linux/tbb/lib/intel64_lin/gcc4.7:/usr/local/Cluster-Apps/intel/2017.4/compilers_and_libraries_2017.4.196/linux/mkl/lib/intel64_lin:/usr/local/Cluster-Apps/intel/2017.4/compilers_and_libraries_2017.4.196/linux/compiler/lib/intel64:/usr/local/Cluster-Apps/intel/2017.4/compilers_and_libraries_2017.4.196/linux/compiler/lib/intel64_lin:/usr/local/software/global/lib:/usr/local/Cluster-Apps/vgl/2.5.1/64/lib:/usr/local/software/slurm/current/lib:/rds/user/jhz22/hpc-work/lib:/rds/user/jhz22/hpc-work/lib64:/rds/user/jhz22/hpc-work/boost_1_58_0/stage/lib:/usr/lib64 pkg-config --exists openssl
LD_LIBRARY_PATH=.:/rds/user/jhz22/hpc-work/lib:/usr/local/software/master/gcc/6/lib64:/usr/local/software/master/gcc/6/lib:/usr/local/Cluster-Apps/intel/2017.4/compilers_and_libraries_2017.4.196/linux/daal/lib/intel64_lin:/usr/local/Cluster-Apps/intel/2017.4/compilers_and_libraries_2017.4.196/linux/daal/../tbb/lib/intel64_lin/gcc4.4:/usr/local/Cluster-Apps/intel/2017.4/compilers_and_libraries_2017.4.196/linux/ipp/lib/intel64:/usr/local/Cluster-Apps/intel/2017.4/compilers_and_libraries_2017.4.196/linux/tbb/lib/intel64/gcc4.7:/usr/local/Cluster-Apps/intel/2017.4/debugger_2017/iga/lib:/usr/local/Cluster-Apps/intel/2017.4/debugger_2017/libipt/intel64/lib:/usr/local/Cluster-Apps/intel/2017.4/compilers_and_libraries_2017.4.196/linux/mpi/intel64/lib:/usr/local/Cluster-Apps/intel/2017.4/compilers_and_libraries_2017.4.196/linux/tbb/lib/intel64_lin/gcc4.7:/usr/local/Cluster-Apps/intel/2017.4/compilers_and_libraries_2017.4.196/linux/mkl/lib/intel64_lin:/usr/local/Cluster-Apps/intel/2017.4/compilers_and_libraries_2017.4.196/linux/compiler/lib/intel64:/usr/local/Cluster-Apps/intel/2017.4/compilers_and_libraries_2017.4.196/linux/compiler/lib/intel64_lin:/usr/local/software/global/lib:/usr/local/Cluster-Apps/vgl/2.5.1/64/lib:/usr/local/software/slurm/current/lib:/rds/user/jhz22/hpc-work/lib:/rds/user/jhz22/hpc-work/lib64:/rds/user/jhz22/hpc-work/boost_1_58_0/stage/lib:/usr/lib64 pkg-config --libs openssl |
=> "-L/rds/user/jhz22/hpc-work/lib64 -lssl -lcrypto  \n"
LD_LIBRARY_PATH=.:/rds/user/jhz22/hpc-work/lib:/usr/local/software/master/gcc/6/lib64:/usr/local/software/master/gcc/6/lib:/usr/local/Cluster-Apps/intel/2017.4/compilers_and_libraries_2017.4.196/linux/daal/lib/intel64_lin:/usr/local/Cluster-Apps/intel/2017.4/compilers_and_libraries_2017.4.196/linux/daal/../tbb/lib/intel64_lin/gcc4.4:/usr/local/Cluster-Apps/intel/2017.4/compilers_and_libraries_2017.4.196/linux/ipp/lib/intel64:/usr/local/Cluster-Apps/intel/2017.4/compilers_and_libraries_2017.4.196/linux/tbb/lib/intel64/gcc4.7:/usr/local/Cluster-Apps/intel/2017.4/debugger_2017/iga/lib:/usr/local/Cluster-Apps/intel/2017.4/debugger_2017/libipt/intel64/lib:/usr/local/Cluster-Apps/intel/2017.4/compilers_and_libraries_2017.4.196/linux/mpi/intel64/lib:/usr/local/Cluster-Apps/intel/2017.4/compilers_and_libraries_2017.4.196/linux/tbb/lib/intel64_lin/gcc4.7:/usr/local/Cluster-Apps/intel/2017.4/compilers_and_libraries_2017.4.196/linux/mkl/lib/intel64_lin:/usr/local/Cluster-Apps/intel/2017.4/compilers_and_libraries_2017.4.196/linux/compiler/lib/intel64:/usr/local/Cluster-Apps/intel/2017.4/compilers_and_libraries_2017.4.196/linux/compiler/lib/intel64_lin:/usr/local/software/global/lib:/usr/local/Cluster-Apps/vgl/2.5.1/64/lib:/usr/local/software/slurm/current/lib:/rds/user/jhz22/hpc-work/lib:/rds/user/jhz22/hpc-work/lib64:/rds/user/jhz22/hpc-work/boost_1_58_0/stage/lib:/usr/lib64 "/usr/local/software/archive/linux-scientific7-x86_64/gcc-9/gcc-6.5.0-dtb6lagchexqdijlx6xgkin3zlfddpzi/bin/gcc -o conftest -I/rds/user/jhz22/hpc-work/include/ruby-3.1.0/x86_64-linux -I/rds/user/jhz22/hpc-work/include/ruby-3.1.0/ruby/backward -I/rds/user/jhz22/hpc-work/include/ruby-3.1.0 -I. -I/rds/user/jhz22/hpc-work/openssl-1.1.1h/include    -O3 -fno-fast-math -ggdb3 -Wall -Wextra -Wdeprecated-declarations -Wduplicated-cond -Wimplicit-function-declaration -Wimplicit-int -Wmisleading-indentation -Wpointer-arith -Wwrite-strings -Wmissing-noreturn -Wno-cast-function-type -Wno-constant-logical-operand -Wno-long-long -Wno-missing-field-initializers -Wno-overlength-strings -Wno-packed-bitfield-compat -Wno-parentheses-equality -Wno-self-assign -Wno-tautological-compare -Wno-unused-parameter -Wno-unused-value -Wsuggest-attribute=format -Wsuggest-attribute=noreturn -Wunused-variable -Wno-maybe-uninitialized -Wundef  -fPIC conftest.c  -L. -L/rds/user/jhz22/hpc-work/lib -Wl,-rpath,/rds/user/jhz22/hpc-work/lib -L/rds/user/jhz22/hpc-work/openssl-1.1.1h/lib -Wl,-rpath,/rds/user/jhz22/hpc-work/openssl-1.1.1h/lib -L. -fstack-protector-strong -rdynamic -Wl,-export-dynamic -Wl,--no-as-needed     -Wl,-rpath,/rds/user/jhz22/hpc-work/lib -L/rds/user/jhz22/hpc-work/lib -lruby  -lm  -lc"
checked program was:
/* begin */
1: #include "ruby.h"
2: 
3: int main(int argc, char **argv)
4: {
5:   return !!argv[argc];
6: }
/* end */

LD_LIBRARY_PATH=.:/rds/user/jhz22/hpc-work/lib:/usr/local/software/master/gcc/6/lib64:/usr/local/software/master/gcc/6/lib:/usr/local/Cluster-Apps/intel/2017.4/compilers_and_libraries_2017.4.196/linux/daal/lib/intel64_lin:/usr/local/Cluster-Apps/intel/2017.4/compilers_and_libraries_2017.4.196/linux/daal/../tbb/lib/intel64_lin/gcc4.4:/usr/local/Cluster-Apps/intel/2017.4/compilers_and_libraries_2017.4.196/linux/ipp/lib/intel64:/usr/local/Cluster-Apps/intel/2017.4/compilers_and_libraries_2017.4.196/linux/tbb/lib/intel64/gcc4.7:/usr/local/Cluster-Apps/intel/2017.4/debugger_2017/iga/lib:/usr/local/Cluster-Apps/intel/2017.4/debugger_2017/libipt/intel64/lib:/usr/local/Cluster-Apps/intel/2017.4/compilers_and_libraries_2017.4.196/linux/mpi/intel64/lib:/usr/local/Cluster-Apps/intel/2017.4/compilers_and_libraries_2017.4.196/linux/tbb/lib/intel64_lin/gcc4.7:/usr/local/Cluster-Apps/intel/2017.4/compilers_and_libraries_2017.4.196/linux/mkl/lib/intel64_lin:/usr/local/Cluster-Apps/intel/2017.4/compilers_and_libraries_2017.4.196/linux/compiler/lib/intel64:/usr/local/Cluster-Apps/intel/2017.4/compilers_and_libraries_2017.4.196/linux/compiler/lib/intel64_lin:/usr/local/software/global/lib:/usr/local/Cluster-Apps/vgl/2.5.1/64/lib:/usr/local/software/slurm/current/lib:/rds/user/jhz22/hpc-work/lib:/rds/user/jhz22/hpc-work/lib64:/rds/user/jhz22/hpc-work/boost_1_58_0/stage/lib:/usr/lib64 "/usr/local/software/archive/linux-scientific7-x86_64/gcc-9/gcc-6.5.0-dtb6lagchexqdijlx6xgkin3zlfddpzi/bin/gcc -o conftest -I/rds/user/jhz22/hpc-work/include/ruby-3.1.0/x86_64-linux -I/rds/user/jhz22/hpc-work/include/ruby-3.1.0/ruby/backward -I/rds/user/jhz22/hpc-work/include/ruby-3.1.0 -I. -I/rds/user/jhz22/hpc-work/openssl-1.1.1h/include    -O3 -fno-fast-math -ggdb3 -Wall -Wextra -Wdeprecated-declarations -Wduplicated-cond -Wimplicit-function-declaration -Wimplicit-int -Wmisleading-indentation -Wpointer-arith -Wwrite-strings -Wmissing-noreturn -Wno-cast-function-type -Wno-constant-logical-operand -Wno-long-long -Wno-missing-field-initializers -Wno-overlength-strings -Wno-packed-bitfield-compat -Wno-parentheses-equality -Wno-self-assign -Wno-tautological-compare -Wno-unused-parameter -Wno-unused-value -Wsuggest-attribute=format -Wsuggest-attribute=noreturn -Wunused-variable -Wno-maybe-uninitialized -Wundef  -fPIC conftest.c  -L. -L/rds/user/jhz22/hpc-work/lib -Wl,-rpath,/rds/user/jhz22/hpc-work/lib -L/rds/user/jhz22/hpc-work/openssl-1.1.1h/lib -Wl,-rpath,/rds/user/jhz22/hpc-work/openssl-1.1.1h/lib -L. -fstack-protector-strong -rdynamic -Wl,-export-dynamic -Wl,--no-as-needed     -Wl,-rpath,/rds/user/jhz22/hpc-work/lib -L/rds/user/jhz22/hpc-work/lib -lruby -L/rds/user/jhz22/hpc-work/lib64 -lssl -lcrypto -lm  -lc"
checked program was:
/* begin */
1: #include "ruby.h"
2: 
3: int main(int argc, char **argv)
4: {
5:   return !!argv[argc];
6: }
/* end */

LD_LIBRARY_PATH=.:/rds/user/jhz22/hpc-work/lib:/usr/local/software/master/gcc/6/lib64:/usr/local/software/master/gcc/6/lib:/usr/local/Cluster-Apps/intel/2017.4/compilers_and_libraries_2017.4.196/linux/daal/lib/intel64_lin:/usr/local/Cluster-Apps/intel/2017.4/compilers_and_libraries_2017.4.196/linux/daal/../tbb/lib/intel64_lin/gcc4.4:/usr/local/Cluster-Apps/intel/2017.4/compilers_and_libraries_2017.4.196/linux/ipp/lib/intel64:/usr/local/Cluster-Apps/intel/2017.4/compilers_and_libraries_2017.4.196/linux/tbb/lib/intel64/gcc4.7:/usr/local/Cluster-Apps/intel/2017.4/debugger_2017/iga/lib:/usr/local/Cluster-Apps/intel/2017.4/debugger_2017/libipt/intel64/lib:/usr/local/Cluster-Apps/intel/2017.4/compilers_and_libraries_2017.4.196/linux/mpi/intel64/lib:/usr/local/Cluster-Apps/intel/2017.4/compilers_and_libraries_2017.4.196/linux/tbb/lib/intel64_lin/gcc4.7:/usr/local/Cluster-Apps/intel/2017.4/compilers_and_libraries_2017.4.196/linux/mkl/lib/intel64_lin:/usr/local/Cluster-Apps/intel/2017.4/compilers_and_libraries_2017.4.196/linux/compiler/lib/intel64:/usr/local/Cluster-Apps/intel/2017.4/compilers_and_libraries_2017.4.196/linux/compiler/lib/intel64_lin:/usr/local/software/global/lib:/usr/local/Cluster-Apps/vgl/2.5.1/64/lib:/usr/local/software/slurm/current/lib:/rds/user/jhz22/hpc-work/lib:/rds/user/jhz22/hpc-work/lib64:/rds/user/jhz22/hpc-work/boost_1_58_0/stage/lib:/usr/lib64 pkg-config --cflags-only-I openssl |
=> "-I/rds/user/jhz22/hpc-work/include  \n"
LD_LIBRARY_PATH=.:/rds/user/jhz22/hpc-work/lib:/usr/local/software/master/gcc/6/lib64:/usr/local/software/master/gcc/6/lib:/usr/local/Cluster-Apps/intel/2017.4/compilers_and_libraries_2017.4.196/linux/daal/lib/intel64_lin:/usr/local/Cluster-Apps/intel/2017.4/compilers_and_libraries_2017.4.196/linux/daal/../tbb/lib/intel64_lin/gcc4.4:/usr/local/Cluster-Apps/intel/2017.4/compilers_and_libraries_2017.4.196/linux/ipp/lib/intel64:/usr/local/Cluster-Apps/intel/2017.4/compilers_and_libraries_2017.4.196/linux/tbb/lib/intel64/gcc4.7:/usr/local/Cluster-Apps/intel/2017.4/debugger_2017/iga/lib:/usr/local/Cluster-Apps/intel/2017.4/debugger_2017/libipt/intel64/lib:/usr/local/Cluster-Apps/intel/2017.4/compilers_and_libraries_2017.4.196/linux/mpi/intel64/lib:/usr/local/Cluster-Apps/intel/2017.4/compilers_and_libraries_2017.4.196/linux/tbb/lib/intel64_lin/gcc4.7:/usr/local/Cluster-Apps/intel/2017.4/compilers_and_libraries_2017.4.196/linux/mkl/lib/intel64_lin:/usr/local/Cluster-Apps/intel/2017.4/compilers_and_libraries_2017.4.196/linux/compiler/lib/intel64:/usr/local/Cluster-Apps/intel/2017.4/compilers_and_libraries_2017.4.196/linux/compiler/lib/intel64_lin:/usr/local/software/global/lib:/usr/local/Cluster-Apps/vgl/2.5.1/64/lib:/usr/local/software/slurm/current/lib:/rds/user/jhz22/hpc-work/lib:/rds/user/jhz22/hpc-work/lib64:/rds/user/jhz22/hpc-work/boost_1_58_0/stage/lib:/usr/lib64 pkg-config --cflags-only-other openssl |
=> " \n"
LD_LIBRARY_PATH=.:/rds/user/jhz22/hpc-work/lib:/usr/local/software/master/gcc/6/lib64:/usr/local/software/master/gcc/6/lib:/usr/local/Cluster-Apps/intel/2017.4/compilers_and_libraries_2017.4.196/linux/daal/lib/intel64_lin:/usr/local/Cluster-Apps/intel/2017.4/compilers_and_libraries_2017.4.196/linux/daal/../tbb/lib/intel64_lin/gcc4.4:/usr/local/Cluster-Apps/intel/2017.4/compilers_and_libraries_2017.4.196/linux/ipp/lib/intel64:/usr/local/Cluster-Apps/intel/2017.4/compilers_and_libraries_2017.4.196/linux/tbb/lib/intel64/gcc4.7:/usr/local/Cluster-Apps/intel/2017.4/debugger_2017/iga/lib:/usr/local/Cluster-Apps/intel/2017.4/debugger_2017/libipt/intel64/lib:/usr/local/Cluster-Apps/intel/2017.4/compilers_and_libraries_2017.4.196/linux/mpi/intel64/lib:/usr/local/Cluster-Apps/intel/2017.4/compilers_and_libraries_2017.4.196/linux/tbb/lib/intel64_lin/gcc4.7:/usr/local/Cluster-Apps/intel/2017.4/compilers_and_libraries_2017.4.196/linux/mkl/lib/intel64_lin:/usr/local/Cluster-Apps/intel/2017.4/compilers_and_libraries_2017.4.196/linux/compiler/lib/intel64:/usr/local/Cluster-Apps/intel/2017.4/compilers_and_libraries_2017.4.196/linux/compiler/lib/intel64_lin:/usr/local/software/global/lib:/usr/local/Cluster-Apps/vgl/2.5.1/64/lib:/usr/local/software/slurm/current/lib:/rds/user/jhz22/hpc-work/lib:/rds/user/jhz22/hpc-work/lib64:/rds/user/jhz22/hpc-work/boost_1_58_0/stage/lib:/usr/lib64 pkg-config --libs-only-l openssl |
=> "-lssl -lcrypto  \n"
package configuration for openssl
incflags: -I/rds/user/jhz22/hpc-work/include
cflags: 
ldflags: -L/rds/user/jhz22/hpc-work/lib64
libs: -lssl -lcrypto

have_library: checking for -lcrypto... -------------------- yes

LD_LIBRARY_PATH=.:/rds/user/jhz22/hpc-work/lib:/usr/local/software/master/gcc/6/lib64:/usr/local/software/master/gcc/6/lib:/usr/local/Cluster-Apps/intel/2017.4/compilers_and_libraries_2017.4.196/linux/daal/lib/intel64_lin:/usr/local/Cluster-Apps/intel/2017.4/compilers_and_libraries_2017.4.196/linux/daal/../tbb/lib/intel64_lin/gcc4.4:/usr/local/Cluster-Apps/intel/2017.4/compilers_and_libraries_2017.4.196/linux/ipp/lib/intel64:/usr/local/Cluster-Apps/intel/2017.4/compilers_and_libraries_2017.4.196/linux/tbb/lib/intel64/gcc4.7:/usr/local/Cluster-Apps/intel/2017.4/debugger_2017/iga/lib:/usr/local/Cluster-Apps/intel/2017.4/debugger_2017/libipt/intel64/lib:/usr/local/Cluster-Apps/intel/2017.4/compilers_and_libraries_2017.4.196/linux/mpi/intel64/lib:/usr/local/Cluster-Apps/intel/2017.4/compilers_and_libraries_2017.4.196/linux/tbb/lib/intel64_lin/gcc4.7:/usr/local/Cluster-Apps/intel/2017.4/compilers_and_libraries_2017.4.196/linux/mkl/lib/intel64_lin:/usr/local/Cluster-Apps/intel/2017.4/compilers_and_libraries_2017.4.196/linux/compiler/lib/intel64:/usr/local/Cluster-Apps/intel/2017.4/compilers_and_libraries_2017.4.196/linux/compiler/lib/intel64_lin:/usr/local/software/global/lib:/usr/local/Cluster-Apps/vgl/2.5.1/64/lib:/usr/local/software/slurm/current/lib:/rds/user/jhz22/hpc-work/lib:/rds/user/jhz22/hpc-work/lib64:/rds/user/jhz22/hpc-work/boost_1_58_0/stage/lib:/usr/lib64 "/usr/local/software/archive/linux-scientific7-x86_64/gcc-9/gcc-6.5.0-dtb6lagchexqdijlx6xgkin3zlfddpzi/bin/gcc -o conftest -I/rds/user/jhz22/hpc-work/include/ruby-3.1.0/x86_64-linux -I/rds/user/jhz22/hpc-work/include/ruby-3.1.0/ruby/backward -I/rds/user/jhz22/hpc-work/include/ruby-3.1.0 -I. -I/rds/user/jhz22/hpc-work/include -I/rds/user/jhz22/hpc-work/openssl-1.1.1h/include    -O3 -fno-fast-math -ggdb3 -Wall -Wextra -Wdeprecated-declarations -Wduplicated-cond -Wimplicit-function-declaration -Wimplicit-int -Wmisleading-indentation -Wpointer-arith -Wwrite-strings -Wmissing-noreturn -Wno-cast-function-type -Wno-constant-logical-operand -Wno-long-long -Wno-missing-field-initializers -Wno-overlength-strings -Wno-packed-bitfield-compat -Wno-parentheses-equality -Wno-self-assign -Wno-tautological-compare -Wno-unused-parameter -Wno-unused-value -Wsuggest-attribute=format -Wsuggest-attribute=noreturn -Wunused-variable -Wno-maybe-uninitialized -Wundef  -fPIC  conftest.c  -L. -L/rds/user/jhz22/hpc-work/lib -Wl,-rpath,/rds/user/jhz22/hpc-work/lib -L/rds/user/jhz22/hpc-work/openssl-1.1.1h/lib -Wl,-rpath,/rds/user/jhz22/hpc-work/openssl-1.1.1h/lib -L. -fstack-protector-strong -rdynamic -Wl,-export-dynamic -Wl,--no-as-needed -L/rds/user/jhz22/hpc-work/lib64     -lssl -lcrypto -Wl,-rpath,/rds/user/jhz22/hpc-work/lib -L/rds/user/jhz22/hpc-work/lib -lruby  -lssl -lcrypto -lcrypto -lm  -lc"
checked program was:
/* begin */
 1: #include "ruby.h"
 2: 
 3: /*top*/
 4: extern int t(void);
 5: int main(int argc, char **argv)
 6: {
 7:   if (argc > 1000000) {
 8:     int (* volatile tp)(void)=(int (*)(void))&t;
 9:     printf("%d", (*tp)());
10:   }
11: 
12:   return !!argv[argc];
13: }
14: 
15: int t(void) { ; return 0; }
/* end */

--------------------

have_library: checking for -lssl... -------------------- yes

LD_LIBRARY_PATH=.:/rds/user/jhz22/hpc-work/lib:/usr/local/software/master/gcc/6/lib64:/usr/local/software/master/gcc/6/lib:/usr/local/Cluster-Apps/intel/2017.4/compilers_and_libraries_2017.4.196/linux/daal/lib/intel64_lin:/usr/local/Cluster-Apps/intel/2017.4/compilers_and_libraries_2017.4.196/linux/daal/../tbb/lib/intel64_lin/gcc4.4:/usr/local/Cluster-Apps/intel/2017.4/compilers_and_libraries_2017.4.196/linux/ipp/lib/intel64:/usr/local/Cluster-Apps/intel/2017.4/compilers_and_libraries_2017.4.196/linux/tbb/lib/intel64/gcc4.7:/usr/local/Cluster-Apps/intel/2017.4/debugger_2017/iga/lib:/usr/local/Cluster-Apps/intel/2017.4/debugger_2017/libipt/intel64/lib:/usr/local/Cluster-Apps/intel/2017.4/compilers_and_libraries_2017.4.196/linux/mpi/intel64/lib:/usr/local/Cluster-Apps/intel/2017.4/compilers_and_libraries_2017.4.196/linux/tbb/lib/intel64_lin/gcc4.7:/usr/local/Cluster-Apps/intel/2017.4/compilers_and_libraries_2017.4.196/linux/mkl/lib/intel64_lin:/usr/local/Cluster-Apps/intel/2017.4/compilers_and_libraries_2017.4.196/linux/compiler/lib/intel64:/usr/local/Cluster-Apps/intel/2017.4/compilers_and_libraries_2017.4.196/linux/compiler/lib/intel64_lin:/usr/local/software/global/lib:/usr/local/Cluster-Apps/vgl/2.5.1/64/lib:/usr/local/software/slurm/current/lib:/rds/user/jhz22/hpc-work/lib:/rds/user/jhz22/hpc-work/lib64:/rds/user/jhz22/hpc-work/boost_1_58_0/stage/lib:/usr/lib64 "/usr/local/software/archive/linux-scientific7-x86_64/gcc-9/gcc-6.5.0-dtb6lagchexqdijlx6xgkin3zlfddpzi/bin/gcc -o conftest -I/rds/user/jhz22/hpc-work/include/ruby-3.1.0/x86_64-linux -I/rds/user/jhz22/hpc-work/include/ruby-3.1.0/ruby/backward -I/rds/user/jhz22/hpc-work/include/ruby-3.1.0 -I. -I/rds/user/jhz22/hpc-work/include -I/rds/user/jhz22/hpc-work/openssl-1.1.1h/include    -O3 -fno-fast-math -ggdb3 -Wall -Wextra -Wdeprecated-declarations -Wduplicated-cond -Wimplicit-function-declaration -Wimplicit-int -Wmisleading-indentation -Wpointer-arith -Wwrite-strings -Wmissing-noreturn -Wno-cast-function-type -Wno-constant-logical-operand -Wno-long-long -Wno-missing-field-initializers -Wno-overlength-strings -Wno-packed-bitfield-compat -Wno-parentheses-equality -Wno-self-assign -Wno-tautological-compare -Wno-unused-parameter -Wno-unused-value -Wsuggest-attribute=format -Wsuggest-attribute=noreturn -Wunused-variable -Wno-maybe-uninitialized -Wundef  -fPIC  conftest.c  -L. -L/rds/user/jhz22/hpc-work/lib -Wl,-rpath,/rds/user/jhz22/hpc-work/lib -L/rds/user/jhz22/hpc-work/openssl-1.1.1h/lib -Wl,-rpath,/rds/user/jhz22/hpc-work/openssl-1.1.1h/lib -L. -fstack-protector-strong -rdynamic -Wl,-export-dynamic -Wl,--no-as-needed -L/rds/user/jhz22/hpc-work/lib64     -lssl -lcrypto -lcrypto -Wl,-rpath,/rds/user/jhz22/hpc-work/lib -L/rds/user/jhz22/hpc-work/lib -lruby  -lssl -lcrypto -lcrypto -lssl -lm  -lc"
checked program was:
/* begin */
 1: #include "ruby.h"
 2: 
 3: /*top*/
 4: extern int t(void);
 5: int main(int argc, char **argv)
 6: {
 7:   if (argc > 1000000) {
 8:     int (* volatile tp)(void)=(int (*)(void))&t;
 9:     printf("%d", (*tp)());
10:   }
11: 
12:   return !!argv[argc];
13: }
14: 
15: int t(void) { ; return 0; }
/* end */

--------------------

have_header: checking for openssl/ssl.h... -------------------- yes

LD_LIBRARY_PATH=.:/rds/user/jhz22/hpc-work/lib:/usr/local/software/master/gcc/6/lib64:/usr/local/software/master/gcc/6/lib:/usr/local/Cluster-Apps/intel/2017.4/compilers_and_libraries_2017.4.196/linux/daal/lib/intel64_lin:/usr/local/Cluster-Apps/intel/2017.4/compilers_and_libraries_2017.4.196/linux/daal/../tbb/lib/intel64_lin/gcc4.4:/usr/local/Cluster-Apps/intel/2017.4/compilers_and_libraries_2017.4.196/linux/ipp/lib/intel64:/usr/local/Cluster-Apps/intel/2017.4/compilers_and_libraries_2017.4.196/linux/tbb/lib/intel64/gcc4.7:/usr/local/Cluster-Apps/intel/2017.4/debugger_2017/iga/lib:/usr/local/Cluster-Apps/intel/2017.4/debugger_2017/libipt/intel64/lib:/usr/local/Cluster-Apps/intel/2017.4/compilers_and_libraries_2017.4.196/linux/mpi/intel64/lib:/usr/local/Cluster-Apps/intel/2017.4/compilers_and_libraries_2017.4.196/linux/tbb/lib/intel64_lin/gcc4.7:/usr/local/Cluster-Apps/intel/2017.4/compilers_and_libraries_2017.4.196/linux/mkl/lib/intel64_lin:/usr/local/Cluster-Apps/intel/2017.4/compilers_and_libraries_2017.4.196/linux/compiler/lib/intel64:/usr/local/Cluster-Apps/intel/2017.4/compilers_and_libraries_2017.4.196/linux/compiler/lib/intel64_lin:/usr/local/software/global/lib:/usr/local/Cluster-Apps/vgl/2.5.1/64/lib:/usr/local/software/slurm/current/lib:/rds/user/jhz22/hpc-work/lib:/rds/user/jhz22/hpc-work/lib64:/rds/user/jhz22/hpc-work/boost_1_58_0/stage/lib:/usr/lib64 "/usr/local/software/archive/linux-scientific7-x86_64/gcc-9/gcc-6.5.0-dtb6lagchexqdijlx6xgkin3zlfddpzi/bin/gcc -I/rds/user/jhz22/hpc-work/include/ruby-3.1.0/x86_64-linux -I/rds/user/jhz22/hpc-work/include/ruby-3.1.0/ruby/backward -I/rds/user/jhz22/hpc-work/include/ruby-3.1.0 -I. -I/rds/user/jhz22/hpc-work/include -I/rds/user/jhz22/hpc-work/openssl-1.1.1h/include    -O3 -fno-fast-math -ggdb3 -Wall -Wextra -Wdeprecated-declarations -Wduplicated-cond -Wimplicit-function-declaration -Wimplicit-int -Wmisleading-indentation -Wpointer-arith -Wwrite-strings -Wmissing-noreturn -Wno-cast-function-type -Wno-constant-logical-operand -Wno-long-long -Wno-missing-field-initializers -Wno-overlength-strings -Wno-packed-bitfield-compat -Wno-parentheses-equality -Wno-self-assign -Wno-tautological-compare -Wno-unused-parameter -Wno-unused-value -Wsuggest-attribute=format -Wsuggest-attribute=noreturn -Wunused-variable -Wno-maybe-uninitialized -Wundef  -fPIC    -c conftest.c"
checked program was:
/* begin */
1: #include "ruby.h"
2: 
3: #include <openssl/ssl.h>
/* end */

--------------------

have_header: checking for openssl/err.h... -------------------- yes

LD_LIBRARY_PATH=.:/rds/user/jhz22/hpc-work/lib:/usr/local/software/master/gcc/6/lib64:/usr/local/software/master/gcc/6/lib:/usr/local/Cluster-Apps/intel/2017.4/compilers_and_libraries_2017.4.196/linux/daal/lib/intel64_lin:/usr/local/Cluster-Apps/intel/2017.4/compilers_and_libraries_2017.4.196/linux/daal/../tbb/lib/intel64_lin/gcc4.4:/usr/local/Cluster-Apps/intel/2017.4/compilers_and_libraries_2017.4.196/linux/ipp/lib/intel64:/usr/local/Cluster-Apps/intel/2017.4/compilers_and_libraries_2017.4.196/linux/tbb/lib/intel64/gcc4.7:/usr/local/Cluster-Apps/intel/2017.4/debugger_2017/iga/lib:/usr/local/Cluster-Apps/intel/2017.4/debugger_2017/libipt/intel64/lib:/usr/local/Cluster-Apps/intel/2017.4/compilers_and_libraries_2017.4.196/linux/mpi/intel64/lib:/usr/local/Cluster-Apps/intel/2017.4/compilers_and_libraries_2017.4.196/linux/tbb/lib/intel64_lin/gcc4.7:/usr/local/Cluster-Apps/intel/2017.4/compilers_and_libraries_2017.4.196/linux/mkl/lib/intel64_lin:/usr/local/Cluster-Apps/intel/2017.4/compilers_and_libraries_2017.4.196/linux/compiler/lib/intel64:/usr/local/Cluster-Apps/intel/2017.4/compilers_and_libraries_2017.4.196/linux/compiler/lib/intel64_lin:/usr/local/software/global/lib:/usr/local/Cluster-Apps/vgl/2.5.1/64/lib:/usr/local/software/slurm/current/lib:/rds/user/jhz22/hpc-work/lib:/rds/user/jhz22/hpc-work/lib64:/rds/user/jhz22/hpc-work/boost_1_58_0/stage/lib:/usr/lib64 "/usr/local/software/archive/linux-scientific7-x86_64/gcc-9/gcc-6.5.0-dtb6lagchexqdijlx6xgkin3zlfddpzi/bin/gcc -I/rds/user/jhz22/hpc-work/include/ruby-3.1.0/x86_64-linux -I/rds/user/jhz22/hpc-work/include/ruby-3.1.0/ruby/backward -I/rds/user/jhz22/hpc-work/include/ruby-3.1.0 -I. -I/rds/user/jhz22/hpc-work/include -I/rds/user/jhz22/hpc-work/openssl-1.1.1h/include    -O3 -fno-fast-math -ggdb3 -Wall -Wextra -Wdeprecated-declarations -Wduplicated-cond -Wimplicit-function-declaration -Wimplicit-int -Wmisleading-indentation -Wpointer-arith -Wwrite-strings -Wmissing-noreturn -Wno-cast-function-type -Wno-constant-logical-operand -Wno-long-long -Wno-missing-field-initializers -Wno-overlength-strings -Wno-packed-bitfield-compat -Wno-parentheses-equality -Wno-self-assign -Wno-tautological-compare -Wno-unused-parameter -Wno-unused-value -Wsuggest-attribute=format -Wsuggest-attribute=noreturn -Wunused-variable -Wno-maybe-uninitialized -Wundef  -fPIC    -c conftest.c"
checked program was:
/* begin */
1: #include "ruby.h"
2: 
3: #include <openssl/err.h>
/* end */

--------------------

have_var: checking for rb_trap_immediate in ruby.h,rubysig.h... -------------------- no

LD_LIBRARY_PATH=.:/rds/user/jhz22/hpc-work/lib:/usr/local/software/master/gcc/6/lib64:/usr/local/software/master/gcc/6/lib:/usr/local/Cluster-Apps/intel/2017.4/compilers_and_libraries_2017.4.196/linux/daal/lib/intel64_lin:/usr/local/Cluster-Apps/intel/2017.4/compilers_and_libraries_2017.4.196/linux/daal/../tbb/lib/intel64_lin/gcc4.4:/usr/local/Cluster-Apps/intel/2017.4/compilers_and_libraries_2017.4.196/linux/ipp/lib/intel64:/usr/local/Cluster-Apps/intel/2017.4/compilers_and_libraries_2017.4.196/linux/tbb/lib/intel64/gcc4.7:/usr/local/Cluster-Apps/intel/2017.4/debugger_2017/iga/lib:/usr/local/Cluster-Apps/intel/2017.4/debugger_2017/libipt/intel64/lib:/usr/local/Cluster-Apps/intel/2017.4/compilers_and_libraries_2017.4.196/linux/mpi/intel64/lib:/usr/local/Cluster-Apps/intel/2017.4/compilers_and_libraries_2017.4.196/linux/tbb/lib/intel64_lin/gcc4.7:/usr/local/Cluster-Apps/intel/2017.4/compilers_and_libraries_2017.4.196/linux/mkl/lib/intel64_lin:/usr/local/Cluster-Apps/intel/2017.4/compilers_and_libraries_2017.4.196/linux/compiler/lib/intel64:/usr/local/Cluster-Apps/intel/2017.4/compilers_and_libraries_2017.4.196/linux/compiler/lib/intel64_lin:/usr/local/software/global/lib:/usr/local/Cluster-Apps/vgl/2.5.1/64/lib:/usr/local/software/slurm/current/lib:/rds/user/jhz22/hpc-work/lib:/rds/user/jhz22/hpc-work/lib64:/rds/user/jhz22/hpc-work/boost_1_58_0/stage/lib:/usr/lib64 "/usr/local/software/archive/linux-scientific7-x86_64/gcc-9/gcc-6.5.0-dtb6lagchexqdijlx6xgkin3zlfddpzi/bin/gcc -I/rds/user/jhz22/hpc-work/include/ruby-3.1.0/x86_64-linux -I/rds/user/jhz22/hpc-work/include/ruby-3.1.0/ruby/backward -I/rds/user/jhz22/hpc-work/include/ruby-3.1.0 -I. -I/rds/user/jhz22/hpc-work/include -I/rds/user/jhz22/hpc-work/openssl-1.1.1h/include    -O3 -fno-fast-math -ggdb3 -Wall -Wextra -Wdeprecated-declarations -Wduplicated-cond -Wimplicit-function-declaration -Wimplicit-int -Wmisleading-indentation -Wpointer-arith -Wwrite-strings -Wmissing-noreturn -Wno-cast-function-type -Wno-constant-logical-operand -Wno-long-long -Wno-missing-field-initializers -Wno-overlength-strings -Wno-packed-bitfield-compat -Wno-parentheses-equality -Wno-self-assign -Wno-tautological-compare -Wno-unused-parameter -Wno-unused-value -Wsuggest-attribute=format -Wsuggest-attribute=noreturn -Wunused-variable -Wno-maybe-uninitialized -Wundef  -fPIC    -c conftest.c"
conftest.c:4:21: fatal error: rubysig.h: No such file or directory
 #include <rubysig.h>
                     ^
compilation terminated.
checked program was:
/* begin */
 1: #include "ruby.h"
 2: 
 3: #include <ruby.h>
 4: #include <rubysig.h>
 5: 
 6: /*top*/
 7: extern int t(void);
 8: int main(int argc, char **argv)
 9: {
10:   if (argc > 1000000) {
11:     int (* volatile tp)(void)=(int (*)(void))&t;
12:     printf("%d", (*tp)());
13:   }
14: 
15:   return !!argv[argc];
16: }
17: int t(void) { const volatile void *volatile p; p = &(&rb_trap_immediate)[0]; return !p; }
/* end */

--------------------

have_func: checking for rb_thread_blocking_region()... -------------------- no

LD_LIBRARY_PATH=.:/rds/user/jhz22/hpc-work/lib:/usr/local/software/master/gcc/6/lib64:/usr/local/software/master/gcc/6/lib:/usr/local/Cluster-Apps/intel/2017.4/compilers_and_libraries_2017.4.196/linux/daal/lib/intel64_lin:/usr/local/Cluster-Apps/intel/2017.4/compilers_and_libraries_2017.4.196/linux/daal/../tbb/lib/intel64_lin/gcc4.4:/usr/local/Cluster-Apps/intel/2017.4/compilers_and_libraries_2017.4.196/linux/ipp/lib/intel64:/usr/local/Cluster-Apps/intel/2017.4/compilers_and_libraries_2017.4.196/linux/tbb/lib/intel64/gcc4.7:/usr/local/Cluster-Apps/intel/2017.4/debugger_2017/iga/lib:/usr/local/Cluster-Apps/intel/2017.4/debugger_2017/libipt/intel64/lib:/usr/local/Cluster-Apps/intel/2017.4/compilers_and_libraries_2017.4.196/linux/mpi/intel64/lib:/usr/local/Cluster-Apps/intel/2017.4/compilers_and_libraries_2017.4.196/linux/tbb/lib/intel64_lin/gcc4.7:/usr/local/Cluster-Apps/intel/2017.4/compilers_and_libraries_2017.4.196/linux/mkl/lib/intel64_lin:/usr/local/Cluster-Apps/intel/2017.4/compilers_and_libraries_2017.4.196/linux/compiler/lib/intel64:/usr/local/Cluster-Apps/intel/2017.4/compilers_and_libraries_2017.4.196/linux/compiler/lib/intel64_lin:/usr/local/software/global/lib:/usr/local/Cluster-Apps/vgl/2.5.1/64/lib:/usr/local/software/slurm/current/lib:/rds/user/jhz22/hpc-work/lib:/rds/user/jhz22/hpc-work/lib64:/rds/user/jhz22/hpc-work/boost_1_58_0/stage/lib:/usr/lib64 "/usr/local/software/archive/linux-scientific7-x86_64/gcc-9/gcc-6.5.0-dtb6lagchexqdijlx6xgkin3zlfddpzi/bin/gcc -o conftest -I/rds/user/jhz22/hpc-work/include/ruby-3.1.0/x86_64-linux -I/rds/user/jhz22/hpc-work/include/ruby-3.1.0/ruby/backward -I/rds/user/jhz22/hpc-work/include/ruby-3.1.0 -I. -I/rds/user/jhz22/hpc-work/include -I/rds/user/jhz22/hpc-work/openssl-1.1.1h/include    -O3 -fno-fast-math -ggdb3 -Wall -Wextra -Wdeprecated-declarations -Wduplicated-cond -Wimplicit-function-declaration -Wimplicit-int -Wmisleading-indentation -Wpointer-arith -Wwrite-strings -Wmissing-noreturn -Wno-cast-function-type -Wno-constant-logical-operand -Wno-long-long -Wno-missing-field-initializers -Wno-overlength-strings -Wno-packed-bitfield-compat -Wno-parentheses-equality -Wno-self-assign -Wno-tautological-compare -Wno-unused-parameter -Wno-unused-value -Wsuggest-attribute=format -Wsuggest-attribute=noreturn -Wunused-variable -Wno-maybe-uninitialized -Wundef  -fPIC  conftest.c  -L. -L/rds/user/jhz22/hpc-work/lib -Wl,-rpath,/rds/user/jhz22/hpc-work/lib -L/rds/user/jhz22/hpc-work/openssl-1.1.1h/lib -Wl,-rpath,/rds/user/jhz22/hpc-work/openssl-1.1.1h/lib -L. -fstack-protector-strong -rdynamic -Wl,-export-dynamic -Wl,--no-as-needed -L/rds/user/jhz22/hpc-work/lib64     -lssl -lcrypto -lcrypto -lssl -Wl,-rpath,/rds/user/jhz22/hpc-work/lib -L/rds/user/jhz22/hpc-work/lib -lruby  -lssl -lcrypto -lcrypto -lssl -lm  -lc"
conftest.c: In function 't':
conftest.c:14:57: error: 'rb_thread_blocking_region' undeclared (first use in this function)
 int t(void) { void ((*volatile p)()); p = (void ((*)()))rb_thread_blocking_region; return !p; }
                                                         ^~~~~~~~~~~~~~~~~~~~~~~~~
conftest.c:14:57: note: each undeclared identifier is reported only once for each function it appears in
conftest.c: At top level:
cc1: warning: unrecognized command line option '-Wno-self-assign'
cc1: warning: unrecognized command line option '-Wno-parentheses-equality'
cc1: warning: unrecognized command line option '-Wno-constant-logical-operand'
cc1: warning: unrecognized command line option '-Wno-cast-function-type'
checked program was:
/* begin */
 1: #include "ruby.h"
 2: 
 3: /*top*/
 4: extern int t(void);
 5: int main(int argc, char **argv)
 6: {
 7:   if (argc > 1000000) {
 8:     int (* volatile tp)(void)=(int (*)(void))&t;
 9:     printf("%d", (*tp)());
10:   }
11: 
12:   return !!argv[argc];
13: }
14: int t(void) { void ((*volatile p)()); p = (void ((*)()))rb_thread_blocking_region; return !p; }
/* end */

LD_LIBRARY_PATH=.:/rds/user/jhz22/hpc-work/lib:/usr/local/software/master/gcc/6/lib64:/usr/local/software/master/gcc/6/lib:/usr/local/Cluster-Apps/intel/2017.4/compilers_and_libraries_2017.4.196/linux/daal/lib/intel64_lin:/usr/local/Cluster-Apps/intel/2017.4/compilers_and_libraries_2017.4.196/linux/daal/../tbb/lib/intel64_lin/gcc4.4:/usr/local/Cluster-Apps/intel/2017.4/compilers_and_libraries_2017.4.196/linux/ipp/lib/intel64:/usr/local/Cluster-Apps/intel/2017.4/compilers_and_libraries_2017.4.196/linux/tbb/lib/intel64/gcc4.7:/usr/local/Cluster-Apps/intel/2017.4/debugger_2017/iga/lib:/usr/local/Cluster-Apps/intel/2017.4/debugger_2017/libipt/intel64/lib:/usr/local/Cluster-Apps/intel/2017.4/compilers_and_libraries_2017.4.196/linux/mpi/intel64/lib:/usr/local/Cluster-Apps/intel/2017.4/compilers_and_libraries_2017.4.196/linux/tbb/lib/intel64_lin/gcc4.7:/usr/local/Cluster-Apps/intel/2017.4/compilers_and_libraries_2017.4.196/linux/mkl/lib/intel64_lin:/usr/local/Cluster-Apps/intel/2017.4/compilers_and_libraries_2017.4.196/linux/compiler/lib/intel64:/usr/local/Cluster-Apps/intel/2017.4/compilers_and_libraries_2017.4.196/linux/compiler/lib/intel64_lin:/usr/local/software/global/lib:/usr/local/Cluster-Apps/vgl/2.5.1/64/lib:/usr/local/software/slurm/current/lib:/rds/user/jhz22/hpc-work/lib:/rds/user/jhz22/hpc-work/lib64:/rds/user/jhz22/hpc-work/boost_1_58_0/stage/lib:/usr/lib64 "/usr/local/software/archive/linux-scientific7-x86_64/gcc-9/gcc-6.5.0-dtb6lagchexqdijlx6xgkin3zlfddpzi/bin/gcc -o conftest -I/rds/user/jhz22/hpc-work/include/ruby-3.1.0/x86_64-linux -I/rds/user/jhz22/hpc-work/include/ruby-3.1.0/ruby/backward -I/rds/user/jhz22/hpc-work/include/ruby-3.1.0 -I. -I/rds/user/jhz22/hpc-work/include -I/rds/user/jhz22/hpc-work/openssl-1.1.1h/include    -O3 -fno-fast-math -ggdb3 -Wall -Wextra -Wdeprecated-declarations -Wduplicated-cond -Wimplicit-function-declaration -Wimplicit-int -Wmisleading-indentation -Wpointer-arith -Wwrite-strings -Wmissing-noreturn -Wno-cast-function-type -Wno-constant-logical-operand -Wno-long-long -Wno-missing-field-initializers -Wno-overlength-strings -Wno-packed-bitfield-compat -Wno-parentheses-equality -Wno-self-assign -Wno-tautological-compare -Wno-unused-parameter -Wno-unused-value -Wsuggest-attribute=format -Wsuggest-attribute=noreturn -Wunused-variable -Wno-maybe-uninitialized -Wundef  -fPIC  conftest.c  -L. -L/rds/user/jhz22/hpc-work/lib -Wl,-rpath,/rds/user/jhz22/hpc-work/lib -L/rds/user/jhz22/hpc-work/openssl-1.1.1h/lib -Wl,-rpath,/rds/user/jhz22/hpc-work/openssl-1.1.1h/lib -L. -fstack-protector-strong -rdynamic -Wl,-export-dynamic -Wl,--no-as-needed -L/rds/user/jhz22/hpc-work/lib64     -lssl -lcrypto -lcrypto -lssl -Wl,-rpath,/rds/user/jhz22/hpc-work/lib -L/rds/user/jhz22/hpc-work/lib -lruby  -lssl -lcrypto -lcrypto -lssl -lm  -lc"
/rds/user/jhz22/hpc-work/work/cc10OLR3.o: In function `t':
/home/jhz22/cambridge-ceu.github.io/vendor/bundle/ruby/3.1.0/gems/eventmachine-1.2.7/ext/conftest.c:15: undefined reference to `rb_thread_blocking_region'
collect2: error: ld returned 1 exit status
checked program was:
/* begin */
 1: #include "ruby.h"
 2: 
 3: /*top*/
 4: extern int t(void);
 5: int main(int argc, char **argv)
 6: {
 7:   if (argc > 1000000) {
 8:     int (* volatile tp)(void)=(int (*)(void))&t;
 9:     printf("%d", (*tp)());
10:   }
11: 
12:   return !!argv[argc];
13: }
14: extern void rb_thread_blocking_region();
15: int t(void) { rb_thread_blocking_region(); return 0; }
/* end */

--------------------

have_func: checking for rb_thread_call_without_gvl() in ruby/thread.h... -------------------- yes

LD_LIBRARY_PATH=.:/rds/user/jhz22/hpc-work/lib:/usr/local/software/master/gcc/6/lib64:/usr/local/software/master/gcc/6/lib:/usr/local/Cluster-Apps/intel/2017.4/compilers_and_libraries_2017.4.196/linux/daal/lib/intel64_lin:/usr/local/Cluster-Apps/intel/2017.4/compilers_and_libraries_2017.4.196/linux/daal/../tbb/lib/intel64_lin/gcc4.4:/usr/local/Cluster-Apps/intel/2017.4/compilers_and_libraries_2017.4.196/linux/ipp/lib/intel64:/usr/local/Cluster-Apps/intel/2017.4/compilers_and_libraries_2017.4.196/linux/tbb/lib/intel64/gcc4.7:/usr/local/Cluster-Apps/intel/2017.4/debugger_2017/iga/lib:/usr/local/Cluster-Apps/intel/2017.4/debugger_2017/libipt/intel64/lib:/usr/local/Cluster-Apps/intel/2017.4/compilers_and_libraries_2017.4.196/linux/mpi/intel64/lib:/usr/local/Cluster-Apps/intel/2017.4/compilers_and_libraries_2017.4.196/linux/tbb/lib/intel64_lin/gcc4.7:/usr/local/Cluster-Apps/intel/2017.4/compilers_and_libraries_2017.4.196/linux/mkl/lib/intel64_lin:/usr/local/Cluster-Apps/intel/2017.4/compilers_and_libraries_2017.4.196/linux/compiler/lib/intel64:/usr/local/Cluster-Apps/intel/2017.4/compilers_and_libraries_2017.4.196/linux/compiler/lib/intel64_lin:/usr/local/software/global/lib:/usr/local/Cluster-Apps/vgl/2.5.1/64/lib:/usr/local/software/slurm/current/lib:/rds/user/jhz22/hpc-work/lib:/rds/user/jhz22/hpc-work/lib64:/rds/user/jhz22/hpc-work/boost_1_58_0/stage/lib:/usr/lib64 "/usr/local/software/archive/linux-scientific7-x86_64/gcc-9/gcc-6.5.0-dtb6lagchexqdijlx6xgkin3zlfddpzi/bin/gcc -o conftest -I/rds/user/jhz22/hpc-work/include/ruby-3.1.0/x86_64-linux -I/rds/user/jhz22/hpc-work/include/ruby-3.1.0/ruby/backward -I/rds/user/jhz22/hpc-work/include/ruby-3.1.0 -I. -I/rds/user/jhz22/hpc-work/include -I/rds/user/jhz22/hpc-work/openssl-1.1.1h/include    -O3 -fno-fast-math -ggdb3 -Wall -Wextra -Wdeprecated-declarations -Wduplicated-cond -Wimplicit-function-declaration -Wimplicit-int -Wmisleading-indentation -Wpointer-arith -Wwrite-strings -Wmissing-noreturn -Wno-cast-function-type -Wno-constant-logical-operand -Wno-long-long -Wno-missing-field-initializers -Wno-overlength-strings -Wno-packed-bitfield-compat -Wno-parentheses-equality -Wno-self-assign -Wno-tautological-compare -Wno-unused-parameter -Wno-unused-value -Wsuggest-attribute=format -Wsuggest-attribute=noreturn -Wunused-variable -Wno-maybe-uninitialized -Wundef  -fPIC  conftest.c  -L. -L/rds/user/jhz22/hpc-work/lib -Wl,-rpath,/rds/user/jhz22/hpc-work/lib -L/rds/user/jhz22/hpc-work/openssl-1.1.1h/lib -Wl,-rpath,/rds/user/jhz22/hpc-work/openssl-1.1.1h/lib -L. -fstack-protector-strong -rdynamic -Wl,-export-dynamic -Wl,--no-as-needed -L/rds/user/jhz22/hpc-work/lib64     -lssl -lcrypto -lcrypto -lssl -Wl,-rpath,/rds/user/jhz22/hpc-work/lib -L/rds/user/jhz22/hpc-work/lib -lruby  -lssl -lcrypto -lcrypto -lssl -lm  -lc"
checked program was:
/* begin */
 1: #include "ruby.h"
 2: 
 3: #include <ruby/thread.h>
 4: 
 5: /*top*/
 6: extern int t(void);
 7: int main(int argc, char **argv)
 8: {
 9:   if (argc > 1000000) {
10:     int (* volatile tp)(void)=(int (*)(void))&t;
11:     printf("%d", (*tp)());
12:   }
13: 
14:   return !!argv[argc];
15: }
16: int t(void) { void ((*volatile p)()); p = (void ((*)()))rb_thread_call_without_gvl; return !p; }
/* end */

--------------------

have_func: checking for rb_thread_fd_select()... -------------------- yes

LD_LIBRARY_PATH=.:/rds/user/jhz22/hpc-work/lib:/usr/local/software/master/gcc/6/lib64:/usr/local/software/master/gcc/6/lib:/usr/local/Cluster-Apps/intel/2017.4/compilers_and_libraries_2017.4.196/linux/daal/lib/intel64_lin:/usr/local/Cluster-Apps/intel/2017.4/compilers_and_libraries_2017.4.196/linux/daal/../tbb/lib/intel64_lin/gcc4.4:/usr/local/Cluster-Apps/intel/2017.4/compilers_and_libraries_2017.4.196/linux/ipp/lib/intel64:/usr/local/Cluster-Apps/intel/2017.4/compilers_and_libraries_2017.4.196/linux/tbb/lib/intel64/gcc4.7:/usr/local/Cluster-Apps/intel/2017.4/debugger_2017/iga/lib:/usr/local/Cluster-Apps/intel/2017.4/debugger_2017/libipt/intel64/lib:/usr/local/Cluster-Apps/intel/2017.4/compilers_and_libraries_2017.4.196/linux/mpi/intel64/lib:/usr/local/Cluster-Apps/intel/2017.4/compilers_and_libraries_2017.4.196/linux/tbb/lib/intel64_lin/gcc4.7:/usr/local/Cluster-Apps/intel/2017.4/compilers_and_libraries_2017.4.196/linux/mkl/lib/intel64_lin:/usr/local/Cluster-Apps/intel/2017.4/compilers_and_libraries_2017.4.196/linux/compiler/lib/intel64:/usr/local/Cluster-Apps/intel/2017.4/compilers_and_libraries_2017.4.196/linux/compiler/lib/intel64_lin:/usr/local/software/global/lib:/usr/local/Cluster-Apps/vgl/2.5.1/64/lib:/usr/local/software/slurm/current/lib:/rds/user/jhz22/hpc-work/lib:/rds/user/jhz22/hpc-work/lib64:/rds/user/jhz22/hpc-work/boost_1_58_0/stage/lib:/usr/lib64 "/usr/local/software/archive/linux-scientific7-x86_64/gcc-9/gcc-6.5.0-dtb6lagchexqdijlx6xgkin3zlfddpzi/bin/gcc -o conftest -I/rds/user/jhz22/hpc-work/include/ruby-3.1.0/x86_64-linux -I/rds/user/jhz22/hpc-work/include/ruby-3.1.0/ruby/backward -I/rds/user/jhz22/hpc-work/include/ruby-3.1.0 -I. -I/rds/user/jhz22/hpc-work/include -I/rds/user/jhz22/hpc-work/openssl-1.1.1h/include    -O3 -fno-fast-math -ggdb3 -Wall -Wextra -Wdeprecated-declarations -Wduplicated-cond -Wimplicit-function-declaration -Wimplicit-int -Wmisleading-indentation -Wpointer-arith -Wwrite-strings -Wmissing-noreturn -Wno-cast-function-type -Wno-constant-logical-operand -Wno-long-long -Wno-missing-field-initializers -Wno-overlength-strings -Wno-packed-bitfield-compat -Wno-parentheses-equality -Wno-self-assign -Wno-tautological-compare -Wno-unused-parameter -Wno-unused-value -Wsuggest-attribute=format -Wsuggest-attribute=noreturn -Wunused-variable -Wno-maybe-uninitialized -Wundef  -fPIC  conftest.c  -L. -L/rds/user/jhz22/hpc-work/lib -Wl,-rpath,/rds/user/jhz22/hpc-work/lib -L/rds/user/jhz22/hpc-work/openssl-1.1.1h/lib -Wl,-rpath,/rds/user/jhz22/hpc-work/openssl-1.1.1h/lib -L. -fstack-protector-strong -rdynamic -Wl,-export-dynamic -Wl,--no-as-needed -L/rds/user/jhz22/hpc-work/lib64     -lssl -lcrypto -lcrypto -lssl -Wl,-rpath,/rds/user/jhz22/hpc-work/lib -L/rds/user/jhz22/hpc-work/lib -lruby  -lssl -lcrypto -lcrypto -lssl -lm  -lc"
checked program was:
/* begin */
 1: #include "ruby.h"
 2: 
 3: /*top*/
 4: extern int t(void);
 5: int main(int argc, char **argv)
 6: {
 7:   if (argc > 1000000) {
 8:     int (* volatile tp)(void)=(int (*)(void))&t;
 9:     printf("%d", (*tp)());
10:   }
11: 
12:   return !!argv[argc];
13: }
14: int t(void) { void ((*volatile p)()); p = (void ((*)()))rb_thread_fd_select; return !p; }
/* end */

--------------------

have_type: checking for rb_fdset_t in ruby/intern.h... -------------------- yes

LD_LIBRARY_PATH=.:/rds/user/jhz22/hpc-work/lib:/usr/local/software/master/gcc/6/lib64:/usr/local/software/master/gcc/6/lib:/usr/local/Cluster-Apps/intel/2017.4/compilers_and_libraries_2017.4.196/linux/daal/lib/intel64_lin:/usr/local/Cluster-Apps/intel/2017.4/compilers_and_libraries_2017.4.196/linux/daal/../tbb/lib/intel64_lin/gcc4.4:/usr/local/Cluster-Apps/intel/2017.4/compilers_and_libraries_2017.4.196/linux/ipp/lib/intel64:/usr/local/Cluster-Apps/intel/2017.4/compilers_and_libraries_2017.4.196/linux/tbb/lib/intel64/gcc4.7:/usr/local/Cluster-Apps/intel/2017.4/debugger_2017/iga/lib:/usr/local/Cluster-Apps/intel/2017.4/debugger_2017/libipt/intel64/lib:/usr/local/Cluster-Apps/intel/2017.4/compilers_and_libraries_2017.4.196/linux/mpi/intel64/lib:/usr/local/Cluster-Apps/intel/2017.4/compilers_and_libraries_2017.4.196/linux/tbb/lib/intel64_lin/gcc4.7:/usr/local/Cluster-Apps/intel/2017.4/compilers_and_libraries_2017.4.196/linux/mkl/lib/intel64_lin:/usr/local/Cluster-Apps/intel/2017.4/compilers_and_libraries_2017.4.196/linux/compiler/lib/intel64:/usr/local/Cluster-Apps/intel/2017.4/compilers_and_libraries_2017.4.196/linux/compiler/lib/intel64_lin:/usr/local/software/global/lib:/usr/local/Cluster-Apps/vgl/2.5.1/64/lib:/usr/local/software/slurm/current/lib:/rds/user/jhz22/hpc-work/lib:/rds/user/jhz22/hpc-work/lib64:/rds/user/jhz22/hpc-work/boost_1_58_0/stage/lib:/usr/lib64 "/usr/local/software/archive/linux-scientific7-x86_64/gcc-9/gcc-6.5.0-dtb6lagchexqdijlx6xgkin3zlfddpzi/bin/gcc -I/rds/user/jhz22/hpc-work/include/ruby-3.1.0/x86_64-linux -I/rds/user/jhz22/hpc-work/include/ruby-3.1.0/ruby/backward -I/rds/user/jhz22/hpc-work/include/ruby-3.1.0 -I. -I/rds/user/jhz22/hpc-work/include -I/rds/user/jhz22/hpc-work/openssl-1.1.1h/include    -O3 -fno-fast-math -ggdb3 -Wall -Wextra -Wdeprecated-declarations -Wduplicated-cond -Wimplicit-function-declaration -Wimplicit-int -Wmisleading-indentation -Wpointer-arith -Wwrite-strings -Wmissing-noreturn -Wno-cast-function-type -Wno-constant-logical-operand -Wno-long-long -Wno-missing-field-initializers -Wno-overlength-strings -Wno-packed-bitfield-compat -Wno-parentheses-equality -Wno-self-assign -Wno-tautological-compare -Wno-unused-parameter -Wno-unused-value -Wsuggest-attribute=format -Wsuggest-attribute=noreturn -Wunused-variable -Wno-maybe-uninitialized -Wundef  -fPIC    -c conftest.c"
checked program was:
/* begin */
1: #include "ruby.h"
2: 
3: #include <ruby/intern.h>
4: 
5: /*top*/
6: typedef rb_fdset_t conftest_type;
7: int conftestval[sizeof(conftest_type)?1:-1];
/* end */

--------------------

have_func: checking for rb_wait_for_single_fd()... -------------------- yes

LD_LIBRARY_PATH=.:/rds/user/jhz22/hpc-work/lib:/usr/local/software/master/gcc/6/lib64:/usr/local/software/master/gcc/6/lib:/usr/local/Cluster-Apps/intel/2017.4/compilers_and_libraries_2017.4.196/linux/daal/lib/intel64_lin:/usr/local/Cluster-Apps/intel/2017.4/compilers_and_libraries_2017.4.196/linux/daal/../tbb/lib/intel64_lin/gcc4.4:/usr/local/Cluster-Apps/intel/2017.4/compilers_and_libraries_2017.4.196/linux/ipp/lib/intel64:/usr/local/Cluster-Apps/intel/2017.4/compilers_and_libraries_2017.4.196/linux/tbb/lib/intel64/gcc4.7:/usr/local/Cluster-Apps/intel/2017.4/debugger_2017/iga/lib:/usr/local/Cluster-Apps/intel/2017.4/debugger_2017/libipt/intel64/lib:/usr/local/Cluster-Apps/intel/2017.4/compilers_and_libraries_2017.4.196/linux/mpi/intel64/lib:/usr/local/Cluster-Apps/intel/2017.4/compilers_and_libraries_2017.4.196/linux/tbb/lib/intel64_lin/gcc4.7:/usr/local/Cluster-Apps/intel/2017.4/compilers_and_libraries_2017.4.196/linux/mkl/lib/intel64_lin:/usr/local/Cluster-Apps/intel/2017.4/compilers_and_libraries_2017.4.196/linux/compiler/lib/intel64:/usr/local/Cluster-Apps/intel/2017.4/compilers_and_libraries_2017.4.196/linux/compiler/lib/intel64_lin:/usr/local/software/global/lib:/usr/local/Cluster-Apps/vgl/2.5.1/64/lib:/usr/local/software/slurm/current/lib:/rds/user/jhz22/hpc-work/lib:/rds/user/jhz22/hpc-work/lib64:/rds/user/jhz22/hpc-work/boost_1_58_0/stage/lib:/usr/lib64 "/usr/local/software/archive/linux-scientific7-x86_64/gcc-9/gcc-6.5.0-dtb6lagchexqdijlx6xgkin3zlfddpzi/bin/gcc -o conftest -I/rds/user/jhz22/hpc-work/include/ruby-3.1.0/x86_64-linux -I/rds/user/jhz22/hpc-work/include/ruby-3.1.0/ruby/backward -I/rds/user/jhz22/hpc-work/include/ruby-3.1.0 -I. -I/rds/user/jhz22/hpc-work/include -I/rds/user/jhz22/hpc-work/openssl-1.1.1h/include    -O3 -fno-fast-math -ggdb3 -Wall -Wextra -Wdeprecated-declarations -Wduplicated-cond -Wimplicit-function-declaration -Wimplicit-int -Wmisleading-indentation -Wpointer-arith -Wwrite-strings -Wmissing-noreturn -Wno-cast-function-type -Wno-constant-logical-operand -Wno-long-long -Wno-missing-field-initializers -Wno-overlength-strings -Wno-packed-bitfield-compat -Wno-parentheses-equality -Wno-self-assign -Wno-tautological-compare -Wno-unused-parameter -Wno-unused-value -Wsuggest-attribute=format -Wsuggest-attribute=noreturn -Wunused-variable -Wno-maybe-uninitialized -Wundef  -fPIC  conftest.c  -L. -L/rds/user/jhz22/hpc-work/lib -Wl,-rpath,/rds/user/jhz22/hpc-work/lib -L/rds/user/jhz22/hpc-work/openssl-1.1.1h/lib -Wl,-rpath,/rds/user/jhz22/hpc-work/openssl-1.1.1h/lib -L. -fstack-protector-strong -rdynamic -Wl,-export-dynamic -Wl,--no-as-needed -L/rds/user/jhz22/hpc-work/lib64     -lssl -lcrypto -lcrypto -lssl -Wl,-rpath,/rds/user/jhz22/hpc-work/lib -L/rds/user/jhz22/hpc-work/lib -lruby  -lssl -lcrypto -lcrypto -lssl -lm  -lc"
conftest.c: In function 't':
conftest.c:14:57: error: 'rb_wait_for_single_fd' undeclared (first use in this function)
 int t(void) { void ((*volatile p)()); p = (void ((*)()))rb_wait_for_single_fd; return !p; }
                                                         ^~~~~~~~~~~~~~~~~~~~~
conftest.c:14:57: note: each undeclared identifier is reported only once for each function it appears in
conftest.c: At top level:
cc1: warning: unrecognized command line option '-Wno-self-assign'
cc1: warning: unrecognized command line option '-Wno-parentheses-equality'
cc1: warning: unrecognized command line option '-Wno-constant-logical-operand'
cc1: warning: unrecognized command line option '-Wno-cast-function-type'
checked program was:
/* begin */
 1: #include "ruby.h"
 2: 
 3: /*top*/
 4: extern int t(void);
 5: int main(int argc, char **argv)
 6: {
 7:   if (argc > 1000000) {
 8:     int (* volatile tp)(void)=(int (*)(void))&t;
 9:     printf("%d", (*tp)());
10:   }
11: 
12:   return !!argv[argc];
13: }
14: int t(void) { void ((*volatile p)()); p = (void ((*)()))rb_wait_for_single_fd; return !p; }
/* end */

LD_LIBRARY_PATH=.:/rds/user/jhz22/hpc-work/lib:/usr/local/software/master/gcc/6/lib64:/usr/local/software/master/gcc/6/lib:/usr/local/Cluster-Apps/intel/2017.4/compilers_and_libraries_2017.4.196/linux/daal/lib/intel64_lin:/usr/local/Cluster-Apps/intel/2017.4/compilers_and_libraries_2017.4.196/linux/daal/../tbb/lib/intel64_lin/gcc4.4:/usr/local/Cluster-Apps/intel/2017.4/compilers_and_libraries_2017.4.196/linux/ipp/lib/intel64:/usr/local/Cluster-Apps/intel/2017.4/compilers_and_libraries_2017.4.196/linux/tbb/lib/intel64/gcc4.7:/usr/local/Cluster-Apps/intel/2017.4/debugger_2017/iga/lib:/usr/local/Cluster-Apps/intel/2017.4/debugger_2017/libipt/intel64/lib:/usr/local/Cluster-Apps/intel/2017.4/compilers_and_libraries_2017.4.196/linux/mpi/intel64/lib:/usr/local/Cluster-Apps/intel/2017.4/compilers_and_libraries_2017.4.196/linux/tbb/lib/intel64_lin/gcc4.7:/usr/local/Cluster-Apps/intel/2017.4/compilers_and_libraries_2017.4.196/linux/mkl/lib/intel64_lin:/usr/local/Cluster-Apps/intel/2017.4/compilers_and_libraries_2017.4.196/linux/compiler/lib/intel64:/usr/local/Cluster-Apps/intel/2017.4/compilers_and_libraries_2017.4.196/linux/compiler/lib/intel64_lin:/usr/local/software/global/lib:/usr/local/Cluster-Apps/vgl/2.5.1/64/lib:/usr/local/software/slurm/current/lib:/rds/user/jhz22/hpc-work/lib:/rds/user/jhz22/hpc-work/lib64:/rds/user/jhz22/hpc-work/boost_1_58_0/stage/lib:/usr/lib64 "/usr/local/software/archive/linux-scientific7-x86_64/gcc-9/gcc-6.5.0-dtb6lagchexqdijlx6xgkin3zlfddpzi/bin/gcc -o conftest -I/rds/user/jhz22/hpc-work/include/ruby-3.1.0/x86_64-linux -I/rds/user/jhz22/hpc-work/include/ruby-3.1.0/ruby/backward -I/rds/user/jhz22/hpc-work/include/ruby-3.1.0 -I. -I/rds/user/jhz22/hpc-work/include -I/rds/user/jhz22/hpc-work/openssl-1.1.1h/include    -O3 -fno-fast-math -ggdb3 -Wall -Wextra -Wdeprecated-declarations -Wduplicated-cond -Wimplicit-function-declaration -Wimplicit-int -Wmisleading-indentation -Wpointer-arith -Wwrite-strings -Wmissing-noreturn -Wno-cast-function-type -Wno-constant-logical-operand -Wno-long-long -Wno-missing-field-initializers -Wno-overlength-strings -Wno-packed-bitfield-compat -Wno-parentheses-equality -Wno-self-assign -Wno-tautological-compare -Wno-unused-parameter -Wno-unused-value -Wsuggest-attribute=format -Wsuggest-attribute=noreturn -Wunused-variable -Wno-maybe-uninitialized -Wundef  -fPIC  conftest.c  -L. -L/rds/user/jhz22/hpc-work/lib -Wl,-rpath,/rds/user/jhz22/hpc-work/lib -L/rds/user/jhz22/hpc-work/openssl-1.1.1h/lib -Wl,-rpath,/rds/user/jhz22/hpc-work/openssl-1.1.1h/lib -L. -fstack-protector-strong -rdynamic -Wl,-export-dynamic -Wl,--no-as-needed -L/rds/user/jhz22/hpc-work/lib64     -lssl -lcrypto -lcrypto -lssl -Wl,-rpath,/rds/user/jhz22/hpc-work/lib -L/rds/user/jhz22/hpc-work/lib -lruby  -lssl -lcrypto -lcrypto -lssl -lm  -lc"
checked program was:
/* begin */
 1: #include "ruby.h"
 2: 
 3: /*top*/
 4: extern int t(void);
 5: int main(int argc, char **argv)
 6: {
 7:   if (argc > 1000000) {
 8:     int (* volatile tp)(void)=(int (*)(void))&t;
 9:     printf("%d", (*tp)());
10:   }
11: 
12:   return !!argv[argc];
13: }
14: extern void rb_wait_for_single_fd();
15: int t(void) { rb_wait_for_single_fd(); return 0; }
/* end */

--------------------

have_func: checking for rb_enable_interrupt()... -------------------- no

LD_LIBRARY_PATH=.:/rds/user/jhz22/hpc-work/lib:/usr/local/software/master/gcc/6/lib64:/usr/local/software/master/gcc/6/lib:/usr/local/Cluster-Apps/intel/2017.4/compilers_and_libraries_2017.4.196/linux/daal/lib/intel64_lin:/usr/local/Cluster-Apps/intel/2017.4/compilers_and_libraries_2017.4.196/linux/daal/../tbb/lib/intel64_lin/gcc4.4:/usr/local/Cluster-Apps/intel/2017.4/compilers_and_libraries_2017.4.196/linux/ipp/lib/intel64:/usr/local/Cluster-Apps/intel/2017.4/compilers_and_libraries_2017.4.196/linux/tbb/lib/intel64/gcc4.7:/usr/local/Cluster-Apps/intel/2017.4/debugger_2017/iga/lib:/usr/local/Cluster-Apps/intel/2017.4/debugger_2017/libipt/intel64/lib:/usr/local/Cluster-Apps/intel/2017.4/compilers_and_libraries_2017.4.196/linux/mpi/intel64/lib:/usr/local/Cluster-Apps/intel/2017.4/compilers_and_libraries_2017.4.196/linux/tbb/lib/intel64_lin/gcc4.7:/usr/local/Cluster-Apps/intel/2017.4/compilers_and_libraries_2017.4.196/linux/mkl/lib/intel64_lin:/usr/local/Cluster-Apps/intel/2017.4/compilers_and_libraries_2017.4.196/linux/compiler/lib/intel64:/usr/local/Cluster-Apps/intel/2017.4/compilers_and_libraries_2017.4.196/linux/compiler/lib/intel64_lin:/usr/local/software/global/lib:/usr/local/Cluster-Apps/vgl/2.5.1/64/lib:/usr/local/software/slurm/current/lib:/rds/user/jhz22/hpc-work/lib:/rds/user/jhz22/hpc-work/lib64:/rds/user/jhz22/hpc-work/boost_1_58_0/stage/lib:/usr/lib64 "/usr/local/software/archive/linux-scientific7-x86_64/gcc-9/gcc-6.5.0-dtb6lagchexqdijlx6xgkin3zlfddpzi/bin/gcc -o conftest -I/rds/user/jhz22/hpc-work/include/ruby-3.1.0/x86_64-linux -I/rds/user/jhz22/hpc-work/include/ruby-3.1.0/ruby/backward -I/rds/user/jhz22/hpc-work/include/ruby-3.1.0 -I. -I/rds/user/jhz22/hpc-work/include -I/rds/user/jhz22/hpc-work/openssl-1.1.1h/include    -O3 -fno-fast-math -ggdb3 -Wall -Wextra -Wdeprecated-declarations -Wduplicated-cond -Wimplicit-function-declaration -Wimplicit-int -Wmisleading-indentation -Wpointer-arith -Wwrite-strings -Wmissing-noreturn -Wno-cast-function-type -Wno-constant-logical-operand -Wno-long-long -Wno-missing-field-initializers -Wno-overlength-strings -Wno-packed-bitfield-compat -Wno-parentheses-equality -Wno-self-assign -Wno-tautological-compare -Wno-unused-parameter -Wno-unused-value -Wsuggest-attribute=format -Wsuggest-attribute=noreturn -Wunused-variable -Wno-maybe-uninitialized -Wundef  -fPIC  conftest.c  -L. -L/rds/user/jhz22/hpc-work/lib -Wl,-rpath,/rds/user/jhz22/hpc-work/lib -L/rds/user/jhz22/hpc-work/openssl-1.1.1h/lib -Wl,-rpath,/rds/user/jhz22/hpc-work/openssl-1.1.1h/lib -L. -fstack-protector-strong -rdynamic -Wl,-export-dynamic -Wl,--no-as-needed -L/rds/user/jhz22/hpc-work/lib64     -lssl -lcrypto -lcrypto -lssl -Wl,-rpath,/rds/user/jhz22/hpc-work/lib -L/rds/user/jhz22/hpc-work/lib -lruby  -lssl -lcrypto -lcrypto -lssl -lm  -lc"
conftest.c: In function 't':
conftest.c:14:57: error: 'rb_enable_interrupt' undeclared (first use in this function)
 int t(void) { void ((*volatile p)()); p = (void ((*)()))rb_enable_interrupt; return !p; }
                                                         ^~~~~~~~~~~~~~~~~~~
conftest.c:14:57: note: each undeclared identifier is reported only once for each function it appears in
conftest.c: At top level:
cc1: warning: unrecognized command line option '-Wno-self-assign'
cc1: warning: unrecognized command line option '-Wno-parentheses-equality'
cc1: warning: unrecognized command line option '-Wno-constant-logical-operand'
cc1: warning: unrecognized command line option '-Wno-cast-function-type'
checked program was:
/* begin */
 1: #include "ruby.h"
 2: 
 3: /*top*/
 4: extern int t(void);
 5: int main(int argc, char **argv)
 6: {
 7:   if (argc > 1000000) {
 8:     int (* volatile tp)(void)=(int (*)(void))&t;
 9:     printf("%d", (*tp)());
10:   }
11: 
12:   return !!argv[argc];
13: }
14: int t(void) { void ((*volatile p)()); p = (void ((*)()))rb_enable_interrupt; return !p; }
/* end */

LD_LIBRARY_PATH=.:/rds/user/jhz22/hpc-work/lib:/usr/local/software/master/gcc/6/lib64:/usr/local/software/master/gcc/6/lib:/usr/local/Cluster-Apps/intel/2017.4/compilers_and_libraries_2017.4.196/linux/daal/lib/intel64_lin:/usr/local/Cluster-Apps/intel/2017.4/compilers_and_libraries_2017.4.196/linux/daal/../tbb/lib/intel64_lin/gcc4.4:/usr/local/Cluster-Apps/intel/2017.4/compilers_and_libraries_2017.4.196/linux/ipp/lib/intel64:/usr/local/Cluster-Apps/intel/2017.4/compilers_and_libraries_2017.4.196/linux/tbb/lib/intel64/gcc4.7:/usr/local/Cluster-Apps/intel/2017.4/debugger_2017/iga/lib:/usr/local/Cluster-Apps/intel/2017.4/debugger_2017/libipt/intel64/lib:/usr/local/Cluster-Apps/intel/2017.4/compilers_and_libraries_2017.4.196/linux/mpi/intel64/lib:/usr/local/Cluster-Apps/intel/2017.4/compilers_and_libraries_2017.4.196/linux/tbb/lib/intel64_lin/gcc4.7:/usr/local/Cluster-Apps/intel/2017.4/compilers_and_libraries_2017.4.196/linux/mkl/lib/intel64_lin:/usr/local/Cluster-Apps/intel/2017.4/compilers_and_libraries_2017.4.196/linux/compiler/lib/intel64:/usr/local/Cluster-Apps/intel/2017.4/compilers_and_libraries_2017.4.196/linux/compiler/lib/intel64_lin:/usr/local/software/global/lib:/usr/local/Cluster-Apps/vgl/2.5.1/64/lib:/usr/local/software/slurm/current/lib:/rds/user/jhz22/hpc-work/lib:/rds/user/jhz22/hpc-work/lib64:/rds/user/jhz22/hpc-work/boost_1_58_0/stage/lib:/usr/lib64 "/usr/local/software/archive/linux-scientific7-x86_64/gcc-9/gcc-6.5.0-dtb6lagchexqdijlx6xgkin3zlfddpzi/bin/gcc -o conftest -I/rds/user/jhz22/hpc-work/include/ruby-3.1.0/x86_64-linux -I/rds/user/jhz22/hpc-work/include/ruby-3.1.0/ruby/backward -I/rds/user/jhz22/hpc-work/include/ruby-3.1.0 -I. -I/rds/user/jhz22/hpc-work/include -I/rds/user/jhz22/hpc-work/openssl-1.1.1h/include    -O3 -fno-fast-math -ggdb3 -Wall -Wextra -Wdeprecated-declarations -Wduplicated-cond -Wimplicit-function-declaration -Wimplicit-int -Wmisleading-indentation -Wpointer-arith -Wwrite-strings -Wmissing-noreturn -Wno-cast-function-type -Wno-constant-logical-operand -Wno-long-long -Wno-missing-field-initializers -Wno-overlength-strings -Wno-packed-bitfield-compat -Wno-parentheses-equality -Wno-self-assign -Wno-tautological-compare -Wno-unused-parameter -Wno-unused-value -Wsuggest-attribute=format -Wsuggest-attribute=noreturn -Wunused-variable -Wno-maybe-uninitialized -Wundef  -fPIC  conftest.c  -L. -L/rds/user/jhz22/hpc-work/lib -Wl,-rpath,/rds/user/jhz22/hpc-work/lib -L/rds/user/jhz22/hpc-work/openssl-1.1.1h/lib -Wl,-rpath,/rds/user/jhz22/hpc-work/openssl-1.1.1h/lib -L. -fstack-protector-strong -rdynamic -Wl,-export-dynamic -Wl,--no-as-needed -L/rds/user/jhz22/hpc-work/lib64     -lssl -lcrypto -lcrypto -lssl -Wl,-rpath,/rds/user/jhz22/hpc-work/lib -L/rds/user/jhz22/hpc-work/lib -lruby  -lssl -lcrypto -lcrypto -lssl -lm  -lc"
/rds/user/jhz22/hpc-work/work/cc1vLcCi.o: In function `t':
/home/jhz22/cambridge-ceu.github.io/vendor/bundle/ruby/3.1.0/gems/eventmachine-1.2.7/ext/conftest.c:15: undefined reference to `rb_enable_interrupt'
collect2: error: ld returned 1 exit status
checked program was:
/* begin */
 1: #include "ruby.h"
 2: 
 3: /*top*/
 4: extern int t(void);
 5: int main(int argc, char **argv)
 6: {
 7:   if (argc > 1000000) {
 8:     int (* volatile tp)(void)=(int (*)(void))&t;
 9:     printf("%d", (*tp)());
10:   }
11: 
12:   return !!argv[argc];
13: }
14: extern void rb_enable_interrupt();
15: int t(void) { rb_enable_interrupt(); return 0; }
/* end */

--------------------

have_func: checking for rb_time_new()... -------------------- yes

LD_LIBRARY_PATH=.:/rds/user/jhz22/hpc-work/lib:/usr/local/software/master/gcc/6/lib64:/usr/local/software/master/gcc/6/lib:/usr/local/Cluster-Apps/intel/2017.4/compilers_and_libraries_2017.4.196/linux/daal/lib/intel64_lin:/usr/local/Cluster-Apps/intel/2017.4/compilers_and_libraries_2017.4.196/linux/daal/../tbb/lib/intel64_lin/gcc4.4:/usr/local/Cluster-Apps/intel/2017.4/compilers_and_libraries_2017.4.196/linux/ipp/lib/intel64:/usr/local/Cluster-Apps/intel/2017.4/compilers_and_libraries_2017.4.196/linux/tbb/lib/intel64/gcc4.7:/usr/local/Cluster-Apps/intel/2017.4/debugger_2017/iga/lib:/usr/local/Cluster-Apps/intel/2017.4/debugger_2017/libipt/intel64/lib:/usr/local/Cluster-Apps/intel/2017.4/compilers_and_libraries_2017.4.196/linux/mpi/intel64/lib:/usr/local/Cluster-Apps/intel/2017.4/compilers_and_libraries_2017.4.196/linux/tbb/lib/intel64_lin/gcc4.7:/usr/local/Cluster-Apps/intel/2017.4/compilers_and_libraries_2017.4.196/linux/mkl/lib/intel64_lin:/usr/local/Cluster-Apps/intel/2017.4/compilers_and_libraries_2017.4.196/linux/compiler/lib/intel64:/usr/local/Cluster-Apps/intel/2017.4/compilers_and_libraries_2017.4.196/linux/compiler/lib/intel64_lin:/usr/local/software/global/lib:/usr/local/Cluster-Apps/vgl/2.5.1/64/lib:/usr/local/software/slurm/current/lib:/rds/user/jhz22/hpc-work/lib:/rds/user/jhz22/hpc-work/lib64:/rds/user/jhz22/hpc-work/boost_1_58_0/stage/lib:/usr/lib64 "/usr/local/software/archive/linux-scientific7-x86_64/gcc-9/gcc-6.5.0-dtb6lagchexqdijlx6xgkin3zlfddpzi/bin/gcc -o conftest -I/rds/user/jhz22/hpc-work/include/ruby-3.1.0/x86_64-linux -I/rds/user/jhz22/hpc-work/include/ruby-3.1.0/ruby/backward -I/rds/user/jhz22/hpc-work/include/ruby-3.1.0 -I. -I/rds/user/jhz22/hpc-work/include -I/rds/user/jhz22/hpc-work/openssl-1.1.1h/include    -O3 -fno-fast-math -ggdb3 -Wall -Wextra -Wdeprecated-declarations -Wduplicated-cond -Wimplicit-function-declaration -Wimplicit-int -Wmisleading-indentation -Wpointer-arith -Wwrite-strings -Wmissing-noreturn -Wno-cast-function-type -Wno-constant-logical-operand -Wno-long-long -Wno-missing-field-initializers -Wno-overlength-strings -Wno-packed-bitfield-compat -Wno-parentheses-equality -Wno-self-assign -Wno-tautological-compare -Wno-unused-parameter -Wno-unused-value -Wsuggest-attribute=format -Wsuggest-attribute=noreturn -Wunused-variable -Wno-maybe-uninitialized -Wundef  -fPIC  conftest.c  -L. -L/rds/user/jhz22/hpc-work/lib -Wl,-rpath,/rds/user/jhz22/hpc-work/lib -L/rds/user/jhz22/hpc-work/openssl-1.1.1h/lib -Wl,-rpath,/rds/user/jhz22/hpc-work/openssl-1.1.1h/lib -L. -fstack-protector-strong -rdynamic -Wl,-export-dynamic -Wl,--no-as-needed -L/rds/user/jhz22/hpc-work/lib64     -lssl -lcrypto -lcrypto -lssl -Wl,-rpath,/rds/user/jhz22/hpc-work/lib -L/rds/user/jhz22/hpc-work/lib -lruby  -lssl -lcrypto -lcrypto -lssl -lm  -lc"
checked program was:
/* begin */
 1: #include "ruby.h"
 2: 
 3: /*top*/
 4: extern int t(void);
 5: int main(int argc, char **argv)
 6: {
 7:   if (argc > 1000000) {
 8:     int (* volatile tp)(void)=(int (*)(void))&t;
 9:     printf("%d", (*tp)());
10:   }
11: 
12:   return !!argv[argc];
13: }
14: int t(void) { void ((*volatile p)()); p = (void ((*)()))rb_time_new; return !p; }
/* end */

--------------------

have_func: checking for inotify_init() in sys/inotify.h... -------------------- yes

LD_LIBRARY_PATH=.:/rds/user/jhz22/hpc-work/lib:/usr/local/software/master/gcc/6/lib64:/usr/local/software/master/gcc/6/lib:/usr/local/Cluster-Apps/intel/2017.4/compilers_and_libraries_2017.4.196/linux/daal/lib/intel64_lin:/usr/local/Cluster-Apps/intel/2017.4/compilers_and_libraries_2017.4.196/linux/daal/../tbb/lib/intel64_lin/gcc4.4:/usr/local/Cluster-Apps/intel/2017.4/compilers_and_libraries_2017.4.196/linux/ipp/lib/intel64:/usr/local/Cluster-Apps/intel/2017.4/compilers_and_libraries_2017.4.196/linux/tbb/lib/intel64/gcc4.7:/usr/local/Cluster-Apps/intel/2017.4/debugger_2017/iga/lib:/usr/local/Cluster-Apps/intel/2017.4/debugger_2017/libipt/intel64/lib:/usr/local/Cluster-Apps/intel/2017.4/compilers_and_libraries_2017.4.196/linux/mpi/intel64/lib:/usr/local/Cluster-Apps/intel/2017.4/compilers_and_libraries_2017.4.196/linux/tbb/lib/intel64_lin/gcc4.7:/usr/local/Cluster-Apps/intel/2017.4/compilers_and_libraries_2017.4.196/linux/mkl/lib/intel64_lin:/usr/local/Cluster-Apps/intel/2017.4/compilers_and_libraries_2017.4.196/linux/compiler/lib/intel64:/usr/local/Cluster-Apps/intel/2017.4/compilers_and_libraries_2017.4.196/linux/compiler/lib/intel64_lin:/usr/local/software/global/lib:/usr/local/Cluster-Apps/vgl/2.5.1/64/lib:/usr/local/software/slurm/current/lib:/rds/user/jhz22/hpc-work/lib:/rds/user/jhz22/hpc-work/lib64:/rds/user/jhz22/hpc-work/boost_1_58_0/stage/lib:/usr/lib64 "/usr/local/software/archive/linux-scientific7-x86_64/gcc-9/gcc-6.5.0-dtb6lagchexqdijlx6xgkin3zlfddpzi/bin/gcc -o conftest -I/rds/user/jhz22/hpc-work/include/ruby-3.1.0/x86_64-linux -I/rds/user/jhz22/hpc-work/include/ruby-3.1.0/ruby/backward -I/rds/user/jhz22/hpc-work/include/ruby-3.1.0 -I. -I/rds/user/jhz22/hpc-work/include -I/rds/user/jhz22/hpc-work/openssl-1.1.1h/include    -O3 -fno-fast-math -ggdb3 -Wall -Wextra -Wdeprecated-declarations -Wduplicated-cond -Wimplicit-function-declaration -Wimplicit-int -Wmisleading-indentation -Wpointer-arith -Wwrite-strings -Wmissing-noreturn -Wno-cast-function-type -Wno-constant-logical-operand -Wno-long-long -Wno-missing-field-initializers -Wno-overlength-strings -Wno-packed-bitfield-compat -Wno-parentheses-equality -Wno-self-assign -Wno-tautological-compare -Wno-unused-parameter -Wno-unused-value -Wsuggest-attribute=format -Wsuggest-attribute=noreturn -Wunused-variable -Wno-maybe-uninitialized -Wundef  -fPIC  conftest.c  -L. -L/rds/user/jhz22/hpc-work/lib -Wl,-rpath,/rds/user/jhz22/hpc-work/lib -L/rds/user/jhz22/hpc-work/openssl-1.1.1h/lib -Wl,-rpath,/rds/user/jhz22/hpc-work/openssl-1.1.1h/lib -L. -fstack-protector-strong -rdynamic -Wl,-export-dynamic -Wl,--no-as-needed -L/rds/user/jhz22/hpc-work/lib64     -lssl -lcrypto -lcrypto -lssl -Wl,-rpath,/rds/user/jhz22/hpc-work/lib -L/rds/user/jhz22/hpc-work/lib -lruby  -lssl -lcrypto -lcrypto -lssl -lm  -lc"
checked program was:
/* begin */
 1: #include "ruby.h"
 2: 
 3: #include <sys/inotify.h>
 4: 
 5: /*top*/
 6: extern int t(void);
 7: int main(int argc, char **argv)
 8: {
 9:   if (argc > 1000000) {
10:     int (* volatile tp)(void)=(int (*)(void))&t;
11:     printf("%d", (*tp)());
12:   }
13: 
14:   return !!argv[argc];
15: }
16: int t(void) { void ((*volatile p)()); p = (void ((*)()))inotify_init; return !p; }
/* end */

--------------------

have_func: checking for writev() in sys/uio.h... -------------------- yes

LD_LIBRARY_PATH=.:/rds/user/jhz22/hpc-work/lib:/usr/local/software/master/gcc/6/lib64:/usr/local/software/master/gcc/6/lib:/usr/local/Cluster-Apps/intel/2017.4/compilers_and_libraries_2017.4.196/linux/daal/lib/intel64_lin:/usr/local/Cluster-Apps/intel/2017.4/compilers_and_libraries_2017.4.196/linux/daal/../tbb/lib/intel64_lin/gcc4.4:/usr/local/Cluster-Apps/intel/2017.4/compilers_and_libraries_2017.4.196/linux/ipp/lib/intel64:/usr/local/Cluster-Apps/intel/2017.4/compilers_and_libraries_2017.4.196/linux/tbb/lib/intel64/gcc4.7:/usr/local/Cluster-Apps/intel/2017.4/debugger_2017/iga/lib:/usr/local/Cluster-Apps/intel/2017.4/debugger_2017/libipt/intel64/lib:/usr/local/Cluster-Apps/intel/2017.4/compilers_and_libraries_2017.4.196/linux/mpi/intel64/lib:/usr/local/Cluster-Apps/intel/2017.4/compilers_and_libraries_2017.4.196/linux/tbb/lib/intel64_lin/gcc4.7:/usr/local/Cluster-Apps/intel/2017.4/compilers_and_libraries_2017.4.196/linux/mkl/lib/intel64_lin:/usr/local/Cluster-Apps/intel/2017.4/compilers_and_libraries_2017.4.196/linux/compiler/lib/intel64:/usr/local/Cluster-Apps/intel/2017.4/compilers_and_libraries_2017.4.196/linux/compiler/lib/intel64_lin:/usr/local/software/global/lib:/usr/local/Cluster-Apps/vgl/2.5.1/64/lib:/usr/local/software/slurm/current/lib:/rds/user/jhz22/hpc-work/lib:/rds/user/jhz22/hpc-work/lib64:/rds/user/jhz22/hpc-work/boost_1_58_0/stage/lib:/usr/lib64 "/usr/local/software/archive/linux-scientific7-x86_64/gcc-9/gcc-6.5.0-dtb6lagchexqdijlx6xgkin3zlfddpzi/bin/gcc -o conftest -I/rds/user/jhz22/hpc-work/include/ruby-3.1.0/x86_64-linux -I/rds/user/jhz22/hpc-work/include/ruby-3.1.0/ruby/backward -I/rds/user/jhz22/hpc-work/include/ruby-3.1.0 -I. -I/rds/user/jhz22/hpc-work/include -I/rds/user/jhz22/hpc-work/openssl-1.1.1h/include    -O3 -fno-fast-math -ggdb3 -Wall -Wextra -Wdeprecated-declarations -Wduplicated-cond -Wimplicit-function-declaration -Wimplicit-int -Wmisleading-indentation -Wpointer-arith -Wwrite-strings -Wmissing-noreturn -Wno-cast-function-type -Wno-constant-logical-operand -Wno-long-long -Wno-missing-field-initializers -Wno-overlength-strings -Wno-packed-bitfield-compat -Wno-parentheses-equality -Wno-self-assign -Wno-tautological-compare -Wno-unused-parameter -Wno-unused-value -Wsuggest-attribute=format -Wsuggest-attribute=noreturn -Wunused-variable -Wno-maybe-uninitialized -Wundef  -fPIC  conftest.c  -L. -L/rds/user/jhz22/hpc-work/lib -Wl,-rpath,/rds/user/jhz22/hpc-work/lib -L/rds/user/jhz22/hpc-work/openssl-1.1.1h/lib -Wl,-rpath,/rds/user/jhz22/hpc-work/openssl-1.1.1h/lib -L. -fstack-protector-strong -rdynamic -Wl,-export-dynamic -Wl,--no-as-needed -L/rds/user/jhz22/hpc-work/lib64     -lssl -lcrypto -lcrypto -lssl -Wl,-rpath,/rds/user/jhz22/hpc-work/lib -L/rds/user/jhz22/hpc-work/lib -lruby  -lssl -lcrypto -lcrypto -lssl -lm  -lc"
checked program was:
/* begin */
 1: #include "ruby.h"
 2: 
 3: #include <sys/uio.h>
 4: 
 5: /*top*/
 6: extern int t(void);
 7: int main(int argc, char **argv)
 8: {
 9:   if (argc > 1000000) {
10:     int (* volatile tp)(void)=(int (*)(void))&t;
11:     printf("%d", (*tp)());
12:   }
13: 
14:   return !!argv[argc];
15: }
16: int t(void) { void ((*volatile p)()); p = (void ((*)()))writev; return !p; }
/* end */

--------------------

have_func: checking for pipe2() in unistd.h... -------------------- yes

LD_LIBRARY_PATH=.:/rds/user/jhz22/hpc-work/lib:/usr/local/software/master/gcc/6/lib64:/usr/local/software/master/gcc/6/lib:/usr/local/Cluster-Apps/intel/2017.4/compilers_and_libraries_2017.4.196/linux/daal/lib/intel64_lin:/usr/local/Cluster-Apps/intel/2017.4/compilers_and_libraries_2017.4.196/linux/daal/../tbb/lib/intel64_lin/gcc4.4:/usr/local/Cluster-Apps/intel/2017.4/compilers_and_libraries_2017.4.196/linux/ipp/lib/intel64:/usr/local/Cluster-Apps/intel/2017.4/compilers_and_libraries_2017.4.196/linux/tbb/lib/intel64/gcc4.7:/usr/local/Cluster-Apps/intel/2017.4/debugger_2017/iga/lib:/usr/local/Cluster-Apps/intel/2017.4/debugger_2017/libipt/intel64/lib:/usr/local/Cluster-Apps/intel/2017.4/compilers_and_libraries_2017.4.196/linux/mpi/intel64/lib:/usr/local/Cluster-Apps/intel/2017.4/compilers_and_libraries_2017.4.196/linux/tbb/lib/intel64_lin/gcc4.7:/usr/local/Cluster-Apps/intel/2017.4/compilers_and_libraries_2017.4.196/linux/mkl/lib/intel64_lin:/usr/local/Cluster-Apps/intel/2017.4/compilers_and_libraries_2017.4.196/linux/compiler/lib/intel64:/usr/local/Cluster-Apps/intel/2017.4/compilers_and_libraries_2017.4.196/linux/compiler/lib/intel64_lin:/usr/local/software/global/lib:/usr/local/Cluster-Apps/vgl/2.5.1/64/lib:/usr/local/software/slurm/current/lib:/rds/user/jhz22/hpc-work/lib:/rds/user/jhz22/hpc-work/lib64:/rds/user/jhz22/hpc-work/boost_1_58_0/stage/lib:/usr/lib64 "/usr/local/software/archive/linux-scientific7-x86_64/gcc-9/gcc-6.5.0-dtb6lagchexqdijlx6xgkin3zlfddpzi/bin/gcc -o conftest -I/rds/user/jhz22/hpc-work/include/ruby-3.1.0/x86_64-linux -I/rds/user/jhz22/hpc-work/include/ruby-3.1.0/ruby/backward -I/rds/user/jhz22/hpc-work/include/ruby-3.1.0 -I. -I/rds/user/jhz22/hpc-work/include -I/rds/user/jhz22/hpc-work/openssl-1.1.1h/include    -O3 -fno-fast-math -ggdb3 -Wall -Wextra -Wdeprecated-declarations -Wduplicated-cond -Wimplicit-function-declaration -Wimplicit-int -Wmisleading-indentation -Wpointer-arith -Wwrite-strings -Wmissing-noreturn -Wno-cast-function-type -Wno-constant-logical-operand -Wno-long-long -Wno-missing-field-initializers -Wno-overlength-strings -Wno-packed-bitfield-compat -Wno-parentheses-equality -Wno-self-assign -Wno-tautological-compare -Wno-unused-parameter -Wno-unused-value -Wsuggest-attribute=format -Wsuggest-attribute=noreturn -Wunused-variable -Wno-maybe-uninitialized -Wundef  -fPIC  conftest.c  -L. -L/rds/user/jhz22/hpc-work/lib -Wl,-rpath,/rds/user/jhz22/hpc-work/lib -L/rds/user/jhz22/hpc-work/openssl-1.1.1h/lib -Wl,-rpath,/rds/user/jhz22/hpc-work/openssl-1.1.1h/lib -L. -fstack-protector-strong -rdynamic -Wl,-export-dynamic -Wl,--no-as-needed -L/rds/user/jhz22/hpc-work/lib64     -lssl -lcrypto -lcrypto -lssl -Wl,-rpath,/rds/user/jhz22/hpc-work/lib -L/rds/user/jhz22/hpc-work/lib -lruby  -lssl -lcrypto -lcrypto -lssl -lm  -lc"
checked program was:
/* begin */
 1: #include "ruby.h"
 2: 
 3: #include <unistd.h>
 4: 
 5: /*top*/
 6: extern int t(void);
 7: int main(int argc, char **argv)
 8: {
 9:   if (argc > 1000000) {
10:     int (* volatile tp)(void)=(int (*)(void))&t;
11:     printf("%d", (*tp)());
12:   }
13: 
14:   return !!argv[argc];
15: }
16: int t(void) { void ((*volatile p)()); p = (void ((*)()))pipe2; return !p; }
/* end */

--------------------

have_func: checking for accept4() in sys/socket.h... -------------------- yes

LD_LIBRARY_PATH=.:/rds/user/jhz22/hpc-work/lib:/usr/local/software/master/gcc/6/lib64:/usr/local/software/master/gcc/6/lib:/usr/local/Cluster-Apps/intel/2017.4/compilers_and_libraries_2017.4.196/linux/daal/lib/intel64_lin:/usr/local/Cluster-Apps/intel/2017.4/compilers_and_libraries_2017.4.196/linux/daal/../tbb/lib/intel64_lin/gcc4.4:/usr/local/Cluster-Apps/intel/2017.4/compilers_and_libraries_2017.4.196/linux/ipp/lib/intel64:/usr/local/Cluster-Apps/intel/2017.4/compilers_and_libraries_2017.4.196/linux/tbb/lib/intel64/gcc4.7:/usr/local/Cluster-Apps/intel/2017.4/debugger_2017/iga/lib:/usr/local/Cluster-Apps/intel/2017.4/debugger_2017/libipt/intel64/lib:/usr/local/Cluster-Apps/intel/2017.4/compilers_and_libraries_2017.4.196/linux/mpi/intel64/lib:/usr/local/Cluster-Apps/intel/2017.4/compilers_and_libraries_2017.4.196/linux/tbb/lib/intel64_lin/gcc4.7:/usr/local/Cluster-Apps/intel/2017.4/compilers_and_libraries_2017.4.196/linux/mkl/lib/intel64_lin:/usr/local/Cluster-Apps/intel/2017.4/compilers_and_libraries_2017.4.196/linux/compiler/lib/intel64:/usr/local/Cluster-Apps/intel/2017.4/compilers_and_libraries_2017.4.196/linux/compiler/lib/intel64_lin:/usr/local/software/global/lib:/usr/local/Cluster-Apps/vgl/2.5.1/64/lib:/usr/local/software/slurm/current/lib:/rds/user/jhz22/hpc-work/lib:/rds/user/jhz22/hpc-work/lib64:/rds/user/jhz22/hpc-work/boost_1_58_0/stage/lib:/usr/lib64 "/usr/local/software/archive/linux-scientific7-x86_64/gcc-9/gcc-6.5.0-dtb6lagchexqdijlx6xgkin3zlfddpzi/bin/gcc -o conftest -I/rds/user/jhz22/hpc-work/include/ruby-3.1.0/x86_64-linux -I/rds/user/jhz22/hpc-work/include/ruby-3.1.0/ruby/backward -I/rds/user/jhz22/hpc-work/include/ruby-3.1.0 -I. -I/rds/user/jhz22/hpc-work/include -I/rds/user/jhz22/hpc-work/openssl-1.1.1h/include    -O3 -fno-fast-math -ggdb3 -Wall -Wextra -Wdeprecated-declarations -Wduplicated-cond -Wimplicit-function-declaration -Wimplicit-int -Wmisleading-indentation -Wpointer-arith -Wwrite-strings -Wmissing-noreturn -Wno-cast-function-type -Wno-constant-logical-operand -Wno-long-long -Wno-missing-field-initializers -Wno-overlength-strings -Wno-packed-bitfield-compat -Wno-parentheses-equality -Wno-self-assign -Wno-tautological-compare -Wno-unused-parameter -Wno-unused-value -Wsuggest-attribute=format -Wsuggest-attribute=noreturn -Wunused-variable -Wno-maybe-uninitialized -Wundef  -fPIC  conftest.c  -L. -L/rds/user/jhz22/hpc-work/lib -Wl,-rpath,/rds/user/jhz22/hpc-work/lib -L/rds/user/jhz22/hpc-work/openssl-1.1.1h/lib -Wl,-rpath,/rds/user/jhz22/hpc-work/openssl-1.1.1h/lib -L. -fstack-protector-strong -rdynamic -Wl,-export-dynamic -Wl,--no-as-needed -L/rds/user/jhz22/hpc-work/lib64     -lssl -lcrypto -lcrypto -lssl -Wl,-rpath,/rds/user/jhz22/hpc-work/lib -L/rds/user/jhz22/hpc-work/lib -lruby  -lssl -lcrypto -lcrypto -lssl -lm  -lc"
checked program was:
/* begin */
 1: #include "ruby.h"
 2: 
 3: #include <sys/socket.h>
 4: 
 5: /*top*/
 6: extern int t(void);
 7: int main(int argc, char **argv)
 8: {
 9:   if (argc > 1000000) {
10:     int (* volatile tp)(void)=(int (*)(void))&t;
11:     printf("%d", (*tp)());
12:   }
13: 
14:   return !!argv[argc];
15: }
16: int t(void) { void ((*volatile p)()); p = (void ((*)()))accept4; return !p; }
/* end */

--------------------

have_const: checking for SOCK_CLOEXEC in sys/socket.h... -------------------- yes

LD_LIBRARY_PATH=.:/rds/user/jhz22/hpc-work/lib:/usr/local/software/master/gcc/6/lib64:/usr/local/software/master/gcc/6/lib:/usr/local/Cluster-Apps/intel/2017.4/compilers_and_libraries_2017.4.196/linux/daal/lib/intel64_lin:/usr/local/Cluster-Apps/intel/2017.4/compilers_and_libraries_2017.4.196/linux/daal/../tbb/lib/intel64_lin/gcc4.4:/usr/local/Cluster-Apps/intel/2017.4/compilers_and_libraries_2017.4.196/linux/ipp/lib/intel64:/usr/local/Cluster-Apps/intel/2017.4/compilers_and_libraries_2017.4.196/linux/tbb/lib/intel64/gcc4.7:/usr/local/Cluster-Apps/intel/2017.4/debugger_2017/iga/lib:/usr/local/Cluster-Apps/intel/2017.4/debugger_2017/libipt/intel64/lib:/usr/local/Cluster-Apps/intel/2017.4/compilers_and_libraries_2017.4.196/linux/mpi/intel64/lib:/usr/local/Cluster-Apps/intel/2017.4/compilers_and_libraries_2017.4.196/linux/tbb/lib/intel64_lin/gcc4.7:/usr/local/Cluster-Apps/intel/2017.4/compilers_and_libraries_2017.4.196/linux/mkl/lib/intel64_lin:/usr/local/Cluster-Apps/intel/2017.4/compilers_and_libraries_2017.4.196/linux/compiler/lib/intel64:/usr/local/Cluster-Apps/intel/2017.4/compilers_and_libraries_2017.4.196/linux/compiler/lib/intel64_lin:/usr/local/software/global/lib:/usr/local/Cluster-Apps/vgl/2.5.1/64/lib:/usr/local/software/slurm/current/lib:/rds/user/jhz22/hpc-work/lib:/rds/user/jhz22/hpc-work/lib64:/rds/user/jhz22/hpc-work/boost_1_58_0/stage/lib:/usr/lib64 "/usr/local/software/archive/linux-scientific7-x86_64/gcc-9/gcc-6.5.0-dtb6lagchexqdijlx6xgkin3zlfddpzi/bin/gcc -I/rds/user/jhz22/hpc-work/include/ruby-3.1.0/x86_64-linux -I/rds/user/jhz22/hpc-work/include/ruby-3.1.0/ruby/backward -I/rds/user/jhz22/hpc-work/include/ruby-3.1.0 -I. -I/rds/user/jhz22/hpc-work/include -I/rds/user/jhz22/hpc-work/openssl-1.1.1h/include    -O3 -fno-fast-math -ggdb3 -Wall -Wextra -Wdeprecated-declarations -Wduplicated-cond -Wimplicit-function-declaration -Wimplicit-int -Wmisleading-indentation -Wpointer-arith -Wwrite-strings -Wmissing-noreturn -Wno-cast-function-type -Wno-constant-logical-operand -Wno-long-long -Wno-missing-field-initializers -Wno-overlength-strings -Wno-packed-bitfield-compat -Wno-parentheses-equality -Wno-self-assign -Wno-tautological-compare -Wno-unused-parameter -Wno-unused-value -Wsuggest-attribute=format -Wsuggest-attribute=noreturn -Wunused-variable -Wno-maybe-uninitialized -Wundef  -fPIC    -c conftest.c"
checked program was:
/* begin */
1: #include "ruby.h"
2: 
3: #include <sys/socket.h>
4: 
5: /*top*/
6: typedef int conftest_type;
7: conftest_type conftestval = (int)SOCK_CLOEXEC;
/* end */

--------------------

have_header: checking for sys/event.h... -------------------- no

LD_LIBRARY_PATH=.:/rds/user/jhz22/hpc-work/lib:/usr/local/software/master/gcc/6/lib64:/usr/local/software/master/gcc/6/lib:/usr/local/Cluster-Apps/intel/2017.4/compilers_and_libraries_2017.4.196/linux/daal/lib/intel64_lin:/usr/local/Cluster-Apps/intel/2017.4/compilers_and_libraries_2017.4.196/linux/daal/../tbb/lib/intel64_lin/gcc4.4:/usr/local/Cluster-Apps/intel/2017.4/compilers_and_libraries_2017.4.196/linux/ipp/lib/intel64:/usr/local/Cluster-Apps/intel/2017.4/compilers_and_libraries_2017.4.196/linux/tbb/lib/intel64/gcc4.7:/usr/local/Cluster-Apps/intel/2017.4/debugger_2017/iga/lib:/usr/local/Cluster-Apps/intel/2017.4/debugger_2017/libipt/intel64/lib:/usr/local/Cluster-Apps/intel/2017.4/compilers_and_libraries_2017.4.196/linux/mpi/intel64/lib:/usr/local/Cluster-Apps/intel/2017.4/compilers_and_libraries_2017.4.196/linux/tbb/lib/intel64_lin/gcc4.7:/usr/local/Cluster-Apps/intel/2017.4/compilers_and_libraries_2017.4.196/linux/mkl/lib/intel64_lin:/usr/local/Cluster-Apps/intel/2017.4/compilers_and_libraries_2017.4.196/linux/compiler/lib/intel64:/usr/local/Cluster-Apps/intel/2017.4/compilers_and_libraries_2017.4.196/linux/compiler/lib/intel64_lin:/usr/local/software/global/lib:/usr/local/Cluster-Apps/vgl/2.5.1/64/lib:/usr/local/software/slurm/current/lib:/rds/user/jhz22/hpc-work/lib:/rds/user/jhz22/hpc-work/lib64:/rds/user/jhz22/hpc-work/boost_1_58_0/stage/lib:/usr/lib64 "/usr/local/software/archive/linux-scientific7-x86_64/gcc-9/gcc-6.5.0-dtb6lagchexqdijlx6xgkin3zlfddpzi/bin/gcc -I/rds/user/jhz22/hpc-work/include/ruby-3.1.0/x86_64-linux -I/rds/user/jhz22/hpc-work/include/ruby-3.1.0/ruby/backward -I/rds/user/jhz22/hpc-work/include/ruby-3.1.0 -I. -I/rds/user/jhz22/hpc-work/include -I/rds/user/jhz22/hpc-work/openssl-1.1.1h/include    -O3 -fno-fast-math -ggdb3 -Wall -Wextra -Wdeprecated-declarations -Wduplicated-cond -Wimplicit-function-declaration -Wimplicit-int -Wmisleading-indentation -Wpointer-arith -Wwrite-strings -Wmissing-noreturn -Wno-cast-function-type -Wno-constant-logical-operand -Wno-long-long -Wno-missing-field-initializers -Wno-overlength-strings -Wno-packed-bitfield-compat -Wno-parentheses-equality -Wno-self-assign -Wno-tautological-compare -Wno-unused-parameter -Wno-unused-value -Wsuggest-attribute=format -Wsuggest-attribute=noreturn -Wunused-variable -Wno-maybe-uninitialized -Wundef  -fPIC    -c conftest.c"
conftest.c:3:23: fatal error: sys/event.h: No such file or directory
 #include <sys/event.h>
                       ^
compilation terminated.
checked program was:
/* begin */
1: #include "ruby.h"
2: 
3: #include <sys/event.h>
/* end */

--------------------

have_func: checking for epoll_create() in sys/epoll.h... -------------------- yes

LD_LIBRARY_PATH=.:/rds/user/jhz22/hpc-work/lib:/usr/local/software/master/gcc/6/lib64:/usr/local/software/master/gcc/6/lib:/usr/local/Cluster-Apps/intel/2017.4/compilers_and_libraries_2017.4.196/linux/daal/lib/intel64_lin:/usr/local/Cluster-Apps/intel/2017.4/compilers_and_libraries_2017.4.196/linux/daal/../tbb/lib/intel64_lin/gcc4.4:/usr/local/Cluster-Apps/intel/2017.4/compilers_and_libraries_2017.4.196/linux/ipp/lib/intel64:/usr/local/Cluster-Apps/intel/2017.4/compilers_and_libraries_2017.4.196/linux/tbb/lib/intel64/gcc4.7:/usr/local/Cluster-Apps/intel/2017.4/debugger_2017/iga/lib:/usr/local/Cluster-Apps/intel/2017.4/debugger_2017/libipt/intel64/lib:/usr/local/Cluster-Apps/intel/2017.4/compilers_and_libraries_2017.4.196/linux/mpi/intel64/lib:/usr/local/Cluster-Apps/intel/2017.4/compilers_and_libraries_2017.4.196/linux/tbb/lib/intel64_lin/gcc4.7:/usr/local/Cluster-Apps/intel/2017.4/compilers_and_libraries_2017.4.196/linux/mkl/lib/intel64_lin:/usr/local/Cluster-Apps/intel/2017.4/compilers_and_libraries_2017.4.196/linux/compiler/lib/intel64:/usr/local/Cluster-Apps/intel/2017.4/compilers_and_libraries_2017.4.196/linux/compiler/lib/intel64_lin:/usr/local/software/global/lib:/usr/local/Cluster-Apps/vgl/2.5.1/64/lib:/usr/local/software/slurm/current/lib:/rds/user/jhz22/hpc-work/lib:/rds/user/jhz22/hpc-work/lib64:/rds/user/jhz22/hpc-work/boost_1_58_0/stage/lib:/usr/lib64 "/usr/local/software/archive/linux-scientific7-x86_64/gcc-9/gcc-6.5.0-dtb6lagchexqdijlx6xgkin3zlfddpzi/bin/gcc -o conftest -I/rds/user/jhz22/hpc-work/include/ruby-3.1.0/x86_64-linux -I/rds/user/jhz22/hpc-work/include/ruby-3.1.0/ruby/backward -I/rds/user/jhz22/hpc-work/include/ruby-3.1.0 -I. -I/rds/user/jhz22/hpc-work/include -I/rds/user/jhz22/hpc-work/openssl-1.1.1h/include    -O3 -fno-fast-math -ggdb3 -Wall -Wextra -Wdeprecated-declarations -Wduplicated-cond -Wimplicit-function-declaration -Wimplicit-int -Wmisleading-indentation -Wpointer-arith -Wwrite-strings -Wmissing-noreturn -Wno-cast-function-type -Wno-constant-logical-operand -Wno-long-long -Wno-missing-field-initializers -Wno-overlength-strings -Wno-packed-bitfield-compat -Wno-parentheses-equality -Wno-self-assign -Wno-tautological-compare -Wno-unused-parameter -Wno-unused-value -Wsuggest-attribute=format -Wsuggest-attribute=noreturn -Wunused-variable -Wno-maybe-uninitialized -Wundef  -fPIC  conftest.c  -L. -L/rds/user/jhz22/hpc-work/lib -Wl,-rpath,/rds/user/jhz22/hpc-work/lib -L/rds/user/jhz22/hpc-work/openssl-1.1.1h/lib -Wl,-rpath,/rds/user/jhz22/hpc-work/openssl-1.1.1h/lib -L. -fstack-protector-strong -rdynamic -Wl,-export-dynamic -Wl,--no-as-needed -L/rds/user/jhz22/hpc-work/lib64     -lssl -lcrypto -lcrypto -lssl -Wl,-rpath,/rds/user/jhz22/hpc-work/lib -L/rds/user/jhz22/hpc-work/lib -lruby  -lssl -lcrypto -lcrypto -lssl -lm  -lc"
checked program was:
/* begin */
 1: #include "ruby.h"
 2: 
 3: #include <sys/epoll.h>
 4: 
 5: /*top*/
 6: extern int t(void);
 7: int main(int argc, char **argv)
 8: {
 9:   if (argc > 1000000) {
10:     int (* volatile tp)(void)=(int (*)(void))&t;
11:     printf("%d", (*tp)());
12:   }
13: 
14:   return !!argv[argc];
15: }
16: int t(void) { void ((*volatile p)()); p = (void ((*)()))epoll_create; return !p; }
/* end */

--------------------

have_func: checking for clock_gettime()... -------------------- yes

LD_LIBRARY_PATH=.:/rds/user/jhz22/hpc-work/lib:/usr/local/software/master/gcc/6/lib64:/usr/local/software/master/gcc/6/lib:/usr/local/Cluster-Apps/intel/2017.4/compilers_and_libraries_2017.4.196/linux/daal/lib/intel64_lin:/usr/local/Cluster-Apps/intel/2017.4/compilers_and_libraries_2017.4.196/linux/daal/../tbb/lib/intel64_lin/gcc4.4:/usr/local/Cluster-Apps/intel/2017.4/compilers_and_libraries_2017.4.196/linux/ipp/lib/intel64:/usr/local/Cluster-Apps/intel/2017.4/compilers_and_libraries_2017.4.196/linux/tbb/lib/intel64/gcc4.7:/usr/local/Cluster-Apps/intel/2017.4/debugger_2017/iga/lib:/usr/local/Cluster-Apps/intel/2017.4/debugger_2017/libipt/intel64/lib:/usr/local/Cluster-Apps/intel/2017.4/compilers_and_libraries_2017.4.196/linux/mpi/intel64/lib:/usr/local/Cluster-Apps/intel/2017.4/compilers_and_libraries_2017.4.196/linux/tbb/lib/intel64_lin/gcc4.7:/usr/local/Cluster-Apps/intel/2017.4/compilers_and_libraries_2017.4.196/linux/mkl/lib/intel64_lin:/usr/local/Cluster-Apps/intel/2017.4/compilers_and_libraries_2017.4.196/linux/compiler/lib/intel64:/usr/local/Cluster-Apps/intel/2017.4/compilers_and_libraries_2017.4.196/linux/compiler/lib/intel64_lin:/usr/local/software/global/lib:/usr/local/Cluster-Apps/vgl/2.5.1/64/lib:/usr/local/software/slurm/current/lib:/rds/user/jhz22/hpc-work/lib:/rds/user/jhz22/hpc-work/lib64:/rds/user/jhz22/hpc-work/boost_1_58_0/stage/lib:/usr/lib64 "/usr/local/software/archive/linux-scientific7-x86_64/gcc-9/gcc-6.5.0-dtb6lagchexqdijlx6xgkin3zlfddpzi/bin/gcc -o conftest -I/rds/user/jhz22/hpc-work/include/ruby-3.1.0/x86_64-linux -I/rds/user/jhz22/hpc-work/include/ruby-3.1.0/ruby/backward -I/rds/user/jhz22/hpc-work/include/ruby-3.1.0 -I. -I/rds/user/jhz22/hpc-work/include -I/rds/user/jhz22/hpc-work/openssl-1.1.1h/include    -O3 -fno-fast-math -ggdb3 -Wall -Wextra -Wdeprecated-declarations -Wduplicated-cond -Wimplicit-function-declaration -Wimplicit-int -Wmisleading-indentation -Wpointer-arith -Wwrite-strings -Wmissing-noreturn -Wno-cast-function-type -Wno-constant-logical-operand -Wno-long-long -Wno-missing-field-initializers -Wno-overlength-strings -Wno-packed-bitfield-compat -Wno-parentheses-equality -Wno-self-assign -Wno-tautological-compare -Wno-unused-parameter -Wno-unused-value -Wsuggest-attribute=format -Wsuggest-attribute=noreturn -Wunused-variable -Wno-maybe-uninitialized -Wundef  -fPIC  conftest.c  -L. -L/rds/user/jhz22/hpc-work/lib -Wl,-rpath,/rds/user/jhz22/hpc-work/lib -L/rds/user/jhz22/hpc-work/openssl-1.1.1h/lib -Wl,-rpath,/rds/user/jhz22/hpc-work/openssl-1.1.1h/lib -L. -fstack-protector-strong -rdynamic -Wl,-export-dynamic -Wl,--no-as-needed -L/rds/user/jhz22/hpc-work/lib64     -lssl -lcrypto -lcrypto -lssl -Wl,-rpath,/rds/user/jhz22/hpc-work/lib -L/rds/user/jhz22/hpc-work/lib -lruby  -lssl -lcrypto -lcrypto -lssl -lm  -lc"
checked program was:
/* begin */
 1: #include "ruby.h"
 2: 
 3: /*top*/
 4: extern int t(void);
 5: int main(int argc, char **argv)
 6: {
 7:   if (argc > 1000000) {
 8:     int (* volatile tp)(void)=(int (*)(void))&t;
 9:     printf("%d", (*tp)());
10:   }
11: 
12:   return !!argv[argc];
13: }
14: int t(void) { void ((*volatile p)()); p = (void ((*)()))clock_gettime; return !p; }
/* end */

--------------------

have_const: checking for CLOCK_MONOTONIC_RAW in time.h... -------------------- yes

LD_LIBRARY_PATH=.:/rds/user/jhz22/hpc-work/lib:/usr/local/software/master/gcc/6/lib64:/usr/local/software/master/gcc/6/lib:/usr/local/Cluster-Apps/intel/2017.4/compilers_and_libraries_2017.4.196/linux/daal/lib/intel64_lin:/usr/local/Cluster-Apps/intel/2017.4/compilers_and_libraries_2017.4.196/linux/daal/../tbb/lib/intel64_lin/gcc4.4:/usr/local/Cluster-Apps/intel/2017.4/compilers_and_libraries_2017.4.196/linux/ipp/lib/intel64:/usr/local/Cluster-Apps/intel/2017.4/compilers_and_libraries_2017.4.196/linux/tbb/lib/intel64/gcc4.7:/usr/local/Cluster-Apps/intel/2017.4/debugger_2017/iga/lib:/usr/local/Cluster-Apps/intel/2017.4/debugger_2017/libipt/intel64/lib:/usr/local/Cluster-Apps/intel/2017.4/compilers_and_libraries_2017.4.196/linux/mpi/intel64/lib:/usr/local/Cluster-Apps/intel/2017.4/compilers_and_libraries_2017.4.196/linux/tbb/lib/intel64_lin/gcc4.7:/usr/local/Cluster-Apps/intel/2017.4/compilers_and_libraries_2017.4.196/linux/mkl/lib/intel64_lin:/usr/local/Cluster-Apps/intel/2017.4/compilers_and_libraries_2017.4.196/linux/compiler/lib/intel64:/usr/local/Cluster-Apps/intel/2017.4/compilers_and_libraries_2017.4.196/linux/compiler/lib/intel64_lin:/usr/local/software/global/lib:/usr/local/Cluster-Apps/vgl/2.5.1/64/lib:/usr/local/software/slurm/current/lib:/rds/user/jhz22/hpc-work/lib:/rds/user/jhz22/hpc-work/lib64:/rds/user/jhz22/hpc-work/boost_1_58_0/stage/lib:/usr/lib64 "/usr/local/software/archive/linux-scientific7-x86_64/gcc-9/gcc-6.5.0-dtb6lagchexqdijlx6xgkin3zlfddpzi/bin/gcc -I/rds/user/jhz22/hpc-work/include/ruby-3.1.0/x86_64-linux -I/rds/user/jhz22/hpc-work/include/ruby-3.1.0/ruby/backward -I/rds/user/jhz22/hpc-work/include/ruby-3.1.0 -I. -I/rds/user/jhz22/hpc-work/include -I/rds/user/jhz22/hpc-work/openssl-1.1.1h/include    -O3 -fno-fast-math -ggdb3 -Wall -Wextra -Wdeprecated-declarations -Wduplicated-cond -Wimplicit-function-declaration -Wimplicit-int -Wmisleading-indentation -Wpointer-arith -Wwrite-strings -Wmissing-noreturn -Wno-cast-function-type -Wno-constant-logical-operand -Wno-long-long -Wno-missing-field-initializers -Wno-overlength-strings -Wno-packed-bitfield-compat -Wno-parentheses-equality -Wno-self-assign -Wno-tautological-compare -Wno-unused-parameter -Wno-unused-value -Wsuggest-attribute=format -Wsuggest-attribute=noreturn -Wunused-variable -Wno-maybe-uninitialized -Wundef  -fPIC    -c conftest.c"
checked program was:
/* begin */
1: #include "ruby.h"
2: 
3: #include <time.h>
4: 
5: /*top*/
6: typedef int conftest_type;
7: conftest_type conftestval = (int)CLOCK_MONOTONIC_RAW;
/* end */

--------------------

have_const: checking for CLOCK_MONOTONIC in time.h... -------------------- yes

LD_LIBRARY_PATH=.:/rds/user/jhz22/hpc-work/lib:/usr/local/software/master/gcc/6/lib64:/usr/local/software/master/gcc/6/lib:/usr/local/Cluster-Apps/intel/2017.4/compilers_and_libraries_2017.4.196/linux/daal/lib/intel64_lin:/usr/local/Cluster-Apps/intel/2017.4/compilers_and_libraries_2017.4.196/linux/daal/../tbb/lib/intel64_lin/gcc4.4:/usr/local/Cluster-Apps/intel/2017.4/compilers_and_libraries_2017.4.196/linux/ipp/lib/intel64:/usr/local/Cluster-Apps/intel/2017.4/compilers_and_libraries_2017.4.196/linux/tbb/lib/intel64/gcc4.7:/usr/local/Cluster-Apps/intel/2017.4/debugger_2017/iga/lib:/usr/local/Cluster-Apps/intel/2017.4/debugger_2017/libipt/intel64/lib:/usr/local/Cluster-Apps/intel/2017.4/compilers_and_libraries_2017.4.196/linux/mpi/intel64/lib:/usr/local/Cluster-Apps/intel/2017.4/compilers_and_libraries_2017.4.196/linux/tbb/lib/intel64_lin/gcc4.7:/usr/local/Cluster-Apps/intel/2017.4/compilers_and_libraries_2017.4.196/linux/mkl/lib/intel64_lin:/usr/local/Cluster-Apps/intel/2017.4/compilers_and_libraries_2017.4.196/linux/compiler/lib/intel64:/usr/local/Cluster-Apps/intel/2017.4/compilers_and_libraries_2017.4.196/linux/compiler/lib/intel64_lin:/usr/local/software/global/lib:/usr/local/Cluster-Apps/vgl/2.5.1/64/lib:/usr/local/software/slurm/current/lib:/rds/user/jhz22/hpc-work/lib:/rds/user/jhz22/hpc-work/lib64:/rds/user/jhz22/hpc-work/boost_1_58_0/stage/lib:/usr/lib64 "/usr/local/software/archive/linux-scientific7-x86_64/gcc-9/gcc-6.5.0-dtb6lagchexqdijlx6xgkin3zlfddpzi/bin/gcc -I/rds/user/jhz22/hpc-work/include/ruby-3.1.0/x86_64-linux -I/rds/user/jhz22/hpc-work/include/ruby-3.1.0/ruby/backward -I/rds/user/jhz22/hpc-work/include/ruby-3.1.0 -I. -I/rds/user/jhz22/hpc-work/include -I/rds/user/jhz22/hpc-work/openssl-1.1.1h/include    -O3 -fno-fast-math -ggdb3 -Wall -Wextra -Wdeprecated-declarations -Wduplicated-cond -Wimplicit-function-declaration -Wimplicit-int -Wmisleading-indentation -Wpointer-arith -Wwrite-strings -Wmissing-noreturn -Wno-cast-function-type -Wno-constant-logical-operand -Wno-long-long -Wno-missing-field-initializers -Wno-overlength-strings -Wno-packed-bitfield-compat -Wno-parentheses-equality -Wno-self-assign -Wno-tautological-compare -Wno-unused-parameter -Wno-unused-value -Wsuggest-attribute=format -Wsuggest-attribute=noreturn -Wunused-variable -Wno-maybe-uninitialized -Wundef  -fPIC    -c conftest.c"
checked program was:
/* begin */
1: #include "ruby.h"
2: 
3: #include <time.h>
4: 
5: /*top*/
6: typedef int conftest_type;
7: conftest_type conftestval = (int)CLOCK_MONOTONIC;
/* end */

--------------------

LD_LIBRARY_PATH=.:/rds/user/jhz22/hpc-work/lib:/usr/local/software/master/gcc/6/lib64:/usr/local/software/master/gcc/6/lib:/usr/local/Cluster-Apps/intel/2017.4/compilers_and_libraries_2017.4.196/linux/daal/lib/intel64_lin:/usr/local/Cluster-Apps/intel/2017.4/compilers_and_libraries_2017.4.196/linux/daal/../tbb/lib/intel64_lin/gcc4.4:/usr/local/Cluster-Apps/intel/2017.4/compilers_and_libraries_2017.4.196/linux/ipp/lib/intel64:/usr/local/Cluster-Apps/intel/2017.4/compilers_and_libraries_2017.4.196/linux/tbb/lib/intel64/gcc4.7:/usr/local/Cluster-Apps/intel/2017.4/debugger_2017/iga/lib:/usr/local/Cluster-Apps/intel/2017.4/debugger_2017/libipt/intel64/lib:/usr/local/Cluster-Apps/intel/2017.4/compilers_and_libraries_2017.4.196/linux/mpi/intel64/lib:/usr/local/Cluster-Apps/intel/2017.4/compilers_and_libraries_2017.4.196/linux/tbb/lib/intel64_lin/gcc4.7:/usr/local/Cluster-Apps/intel/2017.4/compilers_and_libraries_2017.4.196/linux/mkl/lib/intel64_lin:/usr/local/Cluster-Apps/intel/2017.4/compilers_and_libraries_2017.4.196/linux/compiler/lib/intel64:/usr/local/Cluster-Apps/intel/2017.4/compilers_and_libraries_2017.4.196/linux/compiler/lib/intel64_lin:/usr/local/software/global/lib:/usr/local/Cluster-Apps/vgl/2.5.1/64/lib:/usr/local/software/slurm/current/lib:/rds/user/jhz22/hpc-work/lib:/rds/user/jhz22/hpc-work/lib64:/rds/user/jhz22/hpc-work/boost_1_58_0/stage/lib:/usr/lib64 "/usr/local/software/archive/linux-scientific7-x86_64/gcc-9/gcc-6.5.0-dtb6lagchexqdijlx6xgkin3zlfddpzi/bin/g++ -o conftest -I/rds/user/jhz22/hpc-work/include/ruby-3.1.0/x86_64-linux -I/rds/user/jhz22/hpc-work/include/ruby-3.1.0/ruby/backward -I/rds/user/jhz22/hpc-work/include/ruby-3.1.0 -I. -I/rds/user/jhz22/hpc-work/include -I/rds/user/jhz22/hpc-work/openssl-1.1.1h/include    -O3 -fno-fast-math -ggdb3 -Wall -Wextra -Wdeprecated-declarations -Wduplicated-cond -Wimplicit-function-declaration -Wimplicit-int -Wmisleading-indentation -Wpointer-arith -Wwrite-strings -Wmissing-noreturn -Wno-cast-function-type -Wno-constant-logical-operand -Wno-long-long -Wno-missing-field-initializers -Wno-overlength-strings -Wno-packed-bitfield-compat -Wno-parentheses-equality -Wno-self-assign -Wno-tautological-compare -Wno-unused-parameter -Wno-unused-value -Wsuggest-attribute=format -Wsuggest-attribute=noreturn -Wunused-variable -Wno-maybe-uninitialized -Wundef  -fPIC  conftest.c  -L. -L/rds/user/jhz22/hpc-work/lib -Wl,-rpath,/rds/user/jhz22/hpc-work/lib -L/rds/user/jhz22/hpc-work/openssl-1.1.1h/lib -Wl,-rpath,/rds/user/jhz22/hpc-work/openssl-1.1.1h/lib -L. -fstack-protector-strong -rdynamic -Wl,-export-dynamic -Wl,--no-as-needed -L/rds/user/jhz22/hpc-work/lib64     -lssl -lcrypto -lcrypto -lssl -Wl,-rpath,/rds/user/jhz22/hpc-work/lib -L/rds/user/jhz22/hpc-work/lib -lruby -Wall -lm  -lc"
cc1plus: warning: command line option '-Wimplicit-function-declaration' is valid for C/ObjC but not for C++
cc1plus: warning: command line option '-Wimplicit-int' is valid for C/ObjC but not for C++
In file included from /rds/user/jhz22/hpc-work/include/ruby-3.1.0/ruby/internal/anyargs.h:83:0,
                 from /rds/user/jhz22/hpc-work/include/ruby-3.1.0/ruby/ruby.h:26,
                 from /rds/user/jhz22/hpc-work/include/ruby-3.1.0/ruby.h:38,
                 from conftest.c:1:
/rds/user/jhz22/hpc-work/include/ruby-3.1.0/ruby/backward/cxxanyargs.hpp:540:6: warning: "RUBY_API_VERSION_MAJOR" is not defined [-Wundef]
 #if (RUBY_API_VERSION_MAJOR * 100 + RUBY_API_VERSION_MINOR) >= 301
      ^~~~~~~~~~~~~~~~~~~~~~
/rds/user/jhz22/hpc-work/include/ruby-3.1.0/ruby/backward/cxxanyargs.hpp:540:37: warning: "RUBY_API_VERSION_MINOR" is not defined [-Wundef]
 #if (RUBY_API_VERSION_MAJOR * 100 + RUBY_API_VERSION_MINOR) >= 301
                                     ^~~~~~~~~~~~~~~~~~~~~~
cc1plus: warning: unrecognized command line option '-Wno-self-assign'
cc1plus: warning: unrecognized command line option '-Wno-parentheses-equality'
cc1plus: warning: unrecognized command line option '-Wno-constant-logical-operand'
cc1plus: warning: unrecognized command line option '-Wno-cast-function-type'
checked program was:
/* begin */
1: #include "ruby.h"
2: 
3: int main() {return 0;}
/* end */

LD_LIBRARY_PATH=.:/rds/user/jhz22/hpc-work/lib:/usr/local/software/master/gcc/6/lib64:/usr/local/software/master/gcc/6/lib:/usr/local/Cluster-Apps/intel/2017.4/compilers_and_libraries_2017.4.196/linux/daal/lib/intel64_lin:/usr/local/Cluster-Apps/intel/2017.4/compilers_and_libraries_2017.4.196/linux/daal/../tbb/lib/intel64_lin/gcc4.4:/usr/local/Cluster-Apps/intel/2017.4/compilers_and_libraries_2017.4.196/linux/ipp/lib/intel64:/usr/local/Cluster-Apps/intel/2017.4/compilers_and_libraries_2017.4.196/linux/tbb/lib/intel64/gcc4.7:/usr/local/Cluster-Apps/intel/2017.4/debugger_2017/iga/lib:/usr/local/Cluster-Apps/intel/2017.4/debugger_2017/libipt/intel64/lib:/usr/local/Cluster-Apps/intel/2017.4/compilers_and_libraries_2017.4.196/linux/mpi/intel64/lib:/usr/local/Cluster-Apps/intel/2017.4/compilers_and_libraries_2017.4.196/linux/tbb/lib/intel64_lin/gcc4.7:/usr/local/Cluster-Apps/intel/2017.4/compilers_and_libraries_2017.4.196/linux/mkl/lib/intel64_lin:/usr/local/Cluster-Apps/intel/2017.4/compilers_and_libraries_2017.4.196/linux/compiler/lib/intel64:/usr/local/Cluster-Apps/intel/2017.4/compilers_and_libraries_2017.4.196/linux/compiler/lib/intel64_lin:/usr/local/software/global/lib:/usr/local/Cluster-Apps/vgl/2.5.1/64/lib:/usr/local/software/slurm/current/lib:/rds/user/jhz22/hpc-work/lib:/rds/user/jhz22/hpc-work/lib64:/rds/user/jhz22/hpc-work/boost_1_58_0/stage/lib:/usr/lib64 "/usr/local/software/archive/linux-scientific7-x86_64/gcc-9/gcc-6.5.0-dtb6lagchexqdijlx6xgkin3zlfddpzi/bin/g++ -o conftest -I/rds/user/jhz22/hpc-work/include/ruby-3.1.0/x86_64-linux -I/rds/user/jhz22/hpc-work/include/ruby-3.1.0/ruby/backward -I/rds/user/jhz22/hpc-work/include/ruby-3.1.0 -I. -I/rds/user/jhz22/hpc-work/include -I/rds/user/jhz22/hpc-work/openssl-1.1.1h/include    -O3 -fno-fast-math -ggdb3 -Wall -Wextra -Wdeprecated-declarations -Wduplicated-cond -Wimplicit-function-declaration -Wimplicit-int -Wmisleading-indentation -Wpointer-arith -Wwrite-strings -Wmissing-noreturn -Wno-cast-function-type -Wno-constant-logical-operand -Wno-long-long -Wno-missing-field-initializers -Wno-overlength-strings -Wno-packed-bitfield-compat -Wno-parentheses-equality -Wno-self-assign -Wno-tautological-compare -Wno-unused-parameter -Wno-unused-value -Wsuggest-attribute=format -Wsuggest-attribute=noreturn -Wunused-variable -Wno-maybe-uninitialized -Wundef  -fPIC  conftest.c  -L. -L/rds/user/jhz22/hpc-work/lib -Wl,-rpath,/rds/user/jhz22/hpc-work/lib -L/rds/user/jhz22/hpc-work/openssl-1.1.1h/lib -Wl,-rpath,/rds/user/jhz22/hpc-work/openssl-1.1.1h/lib -L. -fstack-protector-strong -rdynamic -Wl,-export-dynamic -Wl,--no-as-needed -L/rds/user/jhz22/hpc-work/lib64     -lssl -lcrypto -lcrypto -lssl -Wl,-rpath,/rds/user/jhz22/hpc-work/lib -L/rds/user/jhz22/hpc-work/lib -lruby -Wextra -lm  -lc"
cc1plus: warning: command line option '-Wimplicit-function-declaration' is valid for C/ObjC but not for C++
cc1plus: warning: command line option '-Wimplicit-int' is valid for C/ObjC but not for C++
In file included from /rds/user/jhz22/hpc-work/include/ruby-3.1.0/ruby/internal/anyargs.h:83:0,
                 from /rds/user/jhz22/hpc-work/include/ruby-3.1.0/ruby/ruby.h:26,
                 from /rds/user/jhz22/hpc-work/include/ruby-3.1.0/ruby.h:38,
                 from conftest.c:1:
/rds/user/jhz22/hpc-work/include/ruby-3.1.0/ruby/backward/cxxanyargs.hpp:540:6: warning: "RUBY_API_VERSION_MAJOR" is not defined [-Wundef]
 #if (RUBY_API_VERSION_MAJOR * 100 + RUBY_API_VERSION_MINOR) >= 301
      ^~~~~~~~~~~~~~~~~~~~~~
/rds/user/jhz22/hpc-work/include/ruby-3.1.0/ruby/backward/cxxanyargs.hpp:540:37: warning: "RUBY_API_VERSION_MINOR" is not defined [-Wundef]
 #if (RUBY_API_VERSION_MAJOR * 100 + RUBY_API_VERSION_MINOR) >= 301
                                     ^~~~~~~~~~~~~~~~~~~~~~
cc1plus: warning: unrecognized command line option '-Wno-self-assign'
cc1plus: warning: unrecognized command line option '-Wno-parentheses-equality'
cc1plus: warning: unrecognized command line option '-Wno-constant-logical-operand'
cc1plus: warning: unrecognized command line option '-Wno-cast-function-type'
checked program was:
/* begin */
1: #include "ruby.h"
2: 
3: int main() {return 0;}
/* end */

LD_LIBRARY_PATH=.:/rds/user/jhz22/hpc-work/lib:/usr/local/software/master/gcc/6/lib64:/usr/local/software/master/gcc/6/lib:/usr/local/Cluster-Apps/intel/2017.4/compilers_and_libraries_2017.4.196/linux/daal/lib/intel64_lin:/usr/local/Cluster-Apps/intel/2017.4/compilers_and_libraries_2017.4.196/linux/daal/../tbb/lib/intel64_lin/gcc4.4:/usr/local/Cluster-Apps/intel/2017.4/compilers_and_libraries_2017.4.196/linux/ipp/lib/intel64:/usr/local/Cluster-Apps/intel/2017.4/compilers_and_libraries_2017.4.196/linux/tbb/lib/intel64/gcc4.7:/usr/local/Cluster-Apps/intel/2017.4/debugger_2017/iga/lib:/usr/local/Cluster-Apps/intel/2017.4/debugger_2017/libipt/intel64/lib:/usr/local/Cluster-Apps/intel/2017.4/compilers_and_libraries_2017.4.196/linux/mpi/intel64/lib:/usr/local/Cluster-Apps/intel/2017.4/compilers_and_libraries_2017.4.196/linux/tbb/lib/intel64_lin/gcc4.7:/usr/local/Cluster-Apps/intel/2017.4/compilers_and_libraries_2017.4.196/linux/mkl/lib/intel64_lin:/usr/local/Cluster-Apps/intel/2017.4/compilers_and_libraries_2017.4.196/linux/compiler/lib/intel64:/usr/local/Cluster-Apps/intel/2017.4/compilers_and_libraries_2017.4.196/linux/compiler/lib/intel64_lin:/usr/local/software/global/lib:/usr/local/Cluster-Apps/vgl/2.5.1/64/lib:/usr/local/software/slurm/current/lib:/rds/user/jhz22/hpc-work/lib:/rds/user/jhz22/hpc-work/lib64:/rds/user/jhz22/hpc-work/boost_1_58_0/stage/lib:/usr/lib64 "/usr/local/software/archive/linux-scientific7-x86_64/gcc-9/gcc-6.5.0-dtb6lagchexqdijlx6xgkin3zlfddpzi/bin/g++ -o conftest -I/rds/user/jhz22/hpc-work/include/ruby-3.1.0/x86_64-linux -I/rds/user/jhz22/hpc-work/include/ruby-3.1.0/ruby/backward -I/rds/user/jhz22/hpc-work/include/ruby-3.1.0 -I. -I/rds/user/jhz22/hpc-work/include -I/rds/user/jhz22/hpc-work/openssl-1.1.1h/include    -O3 -fno-fast-math -ggdb3 -Wall -Wextra -Wdeprecated-declarations -Wduplicated-cond -Wimplicit-function-declaration -Wimplicit-int -Wmisleading-indentation -Wpointer-arith -Wwrite-strings -Wmissing-noreturn -Wno-cast-function-type -Wno-constant-logical-operand -Wno-long-long -Wno-missing-field-initializers -Wno-overlength-strings -Wno-packed-bitfield-compat -Wno-parentheses-equality -Wno-self-assign -Wno-tautological-compare -Wno-unused-parameter -Wno-unused-value -Wsuggest-attribute=format -Wsuggest-attribute=noreturn -Wunused-variable -Wno-maybe-uninitialized -Wundef  -fPIC  conftest.c  -L. -L/rds/user/jhz22/hpc-work/lib -Wl,-rpath,/rds/user/jhz22/hpc-work/lib -L/rds/user/jhz22/hpc-work/openssl-1.1.1h/lib -Wl,-rpath,/rds/user/jhz22/hpc-work/openssl-1.1.1h/lib -L. -fstack-protector-strong -rdynamic -Wl,-export-dynamic -Wl,--no-as-needed -L/rds/user/jhz22/hpc-work/lib64     -lssl -lcrypto -lcrypto -lssl -Wl,-rpath,/rds/user/jhz22/hpc-work/lib -L/rds/user/jhz22/hpc-work/lib -lruby -Wno-deprecated-declarations -lm  -lc"
cc1plus: warning: command line option '-Wimplicit-function-declaration' is valid for C/ObjC but not for C++
cc1plus: warning: command line option '-Wimplicit-int' is valid for C/ObjC but not for C++
In file included from /rds/user/jhz22/hpc-work/include/ruby-3.1.0/ruby/internal/anyargs.h:83:0,
                 from /rds/user/jhz22/hpc-work/include/ruby-3.1.0/ruby/ruby.h:26,
                 from /rds/user/jhz22/hpc-work/include/ruby-3.1.0/ruby.h:38,
                 from conftest.c:1:
/rds/user/jhz22/hpc-work/include/ruby-3.1.0/ruby/backward/cxxanyargs.hpp:540:6: warning: "RUBY_API_VERSION_MAJOR" is not defined [-Wundef]
 #if (RUBY_API_VERSION_MAJOR * 100 + RUBY_API_VERSION_MINOR) >= 301
      ^~~~~~~~~~~~~~~~~~~~~~
/rds/user/jhz22/hpc-work/include/ruby-3.1.0/ruby/backward/cxxanyargs.hpp:540:37: warning: "RUBY_API_VERSION_MINOR" is not defined [-Wundef]
 #if (RUBY_API_VERSION_MAJOR * 100 + RUBY_API_VERSION_MINOR) >= 301
                                     ^~~~~~~~~~~~~~~~~~~~~~
cc1plus: warning: unrecognized command line option '-Wno-self-assign'
cc1plus: warning: unrecognized command line option '-Wno-parentheses-equality'
cc1plus: warning: unrecognized command line option '-Wno-constant-logical-operand'
cc1plus: warning: unrecognized command line option '-Wno-cast-function-type'
checked program was:
/* begin */
1: #include "ruby.h"
2: 
3: int main() {return 0;}
/* end */

LD_LIBRARY_PATH=.:/rds/user/jhz22/hpc-work/lib:/usr/local/software/master/gcc/6/lib64:/usr/local/software/master/gcc/6/lib:/usr/local/Cluster-Apps/intel/2017.4/compilers_and_libraries_2017.4.196/linux/daal/lib/intel64_lin:/usr/local/Cluster-Apps/intel/2017.4/compilers_and_libraries_2017.4.196/linux/daal/../tbb/lib/intel64_lin/gcc4.4:/usr/local/Cluster-Apps/intel/2017.4/compilers_and_libraries_2017.4.196/linux/ipp/lib/intel64:/usr/local/Cluster-Apps/intel/2017.4/compilers_and_libraries_2017.4.196/linux/tbb/lib/intel64/gcc4.7:/usr/local/Cluster-Apps/intel/2017.4/debugger_2017/iga/lib:/usr/local/Cluster-Apps/intel/2017.4/debugger_2017/libipt/intel64/lib:/usr/local/Cluster-Apps/intel/2017.4/compilers_and_libraries_2017.4.196/linux/mpi/intel64/lib:/usr/local/Cluster-Apps/intel/2017.4/compilers_and_libraries_2017.4.196/linux/tbb/lib/intel64_lin/gcc4.7:/usr/local/Cluster-Apps/intel/2017.4/compilers_and_libraries_2017.4.196/linux/mkl/lib/intel64_lin:/usr/local/Cluster-Apps/intel/2017.4/compilers_and_libraries_2017.4.196/linux/compiler/lib/intel64:/usr/local/Cluster-Apps/intel/2017.4/compilers_and_libraries_2017.4.196/linux/compiler/lib/intel64_lin:/usr/local/software/global/lib:/usr/local/Cluster-Apps/vgl/2.5.1/64/lib:/usr/local/software/slurm/current/lib:/rds/user/jhz22/hpc-work/lib:/rds/user/jhz22/hpc-work/lib64:/rds/user/jhz22/hpc-work/boost_1_58_0/stage/lib:/usr/lib64 "/usr/local/software/archive/linux-scientific7-x86_64/gcc-9/gcc-6.5.0-dtb6lagchexqdijlx6xgkin3zlfddpzi/bin/g++ -o conftest -I/rds/user/jhz22/hpc-work/include/ruby-3.1.0/x86_64-linux -I/rds/user/jhz22/hpc-work/include/ruby-3.1.0/ruby/backward -I/rds/user/jhz22/hpc-work/include/ruby-3.1.0 -I. -I/rds/user/jhz22/hpc-work/include -I/rds/user/jhz22/hpc-work/openssl-1.1.1h/include    -O3 -fno-fast-math -ggdb3 -Wall -Wextra -Wdeprecated-declarations -Wduplicated-cond -Wimplicit-function-declaration -Wimplicit-int -Wmisleading-indentation -Wpointer-arith -Wwrite-strings -Wmissing-noreturn -Wno-cast-function-type -Wno-constant-logical-operand -Wno-long-long -Wno-missing-field-initializers -Wno-overlength-strings -Wno-packed-bitfield-compat -Wno-parentheses-equality -Wno-self-assign -Wno-tautological-compare -Wno-unused-parameter -Wno-unused-value -Wsuggest-attribute=format -Wsuggest-attribute=noreturn -Wunused-variable -Wno-maybe-uninitialized -Wundef  -fPIC  conftest.c  -L. -L/rds/user/jhz22/hpc-work/lib -Wl,-rpath,/rds/user/jhz22/hpc-work/lib -L/rds/user/jhz22/hpc-work/openssl-1.1.1h/lib -Wl,-rpath,/rds/user/jhz22/hpc-work/openssl-1.1.1h/lib -L. -fstack-protector-strong -rdynamic -Wl,-export-dynamic -Wl,--no-as-needed -L/rds/user/jhz22/hpc-work/lib64     -lssl -lcrypto -lcrypto -lssl -Wl,-rpath,/rds/user/jhz22/hpc-work/lib -L/rds/user/jhz22/hpc-work/lib -lruby -Wno-ignored-qualifiers -lm  -lc"
cc1plus: warning: command line option '-Wimplicit-function-declaration' is valid for C/ObjC but not for C++
cc1plus: warning: command line option '-Wimplicit-int' is valid for C/ObjC but not for C++
In file included from /rds/user/jhz22/hpc-work/include/ruby-3.1.0/ruby/internal/anyargs.h:83:0,
                 from /rds/user/jhz22/hpc-work/include/ruby-3.1.0/ruby/ruby.h:26,
                 from /rds/user/jhz22/hpc-work/include/ruby-3.1.0/ruby.h:38,
                 from conftest.c:1:
/rds/user/jhz22/hpc-work/include/ruby-3.1.0/ruby/backward/cxxanyargs.hpp:540:6: warning: "RUBY_API_VERSION_MAJOR" is not defined [-Wundef]
 #if (RUBY_API_VERSION_MAJOR * 100 + RUBY_API_VERSION_MINOR) >= 301
      ^~~~~~~~~~~~~~~~~~~~~~
/rds/user/jhz22/hpc-work/include/ruby-3.1.0/ruby/backward/cxxanyargs.hpp:540:37: warning: "RUBY_API_VERSION_MINOR" is not defined [-Wundef]
 #if (RUBY_API_VERSION_MAJOR * 100 + RUBY_API_VERSION_MINOR) >= 301
                                     ^~~~~~~~~~~~~~~~~~~~~~
cc1plus: warning: unrecognized command line option '-Wno-self-assign'
cc1plus: warning: unrecognized command line option '-Wno-parentheses-equality'
cc1plus: warning: unrecognized command line option '-Wno-constant-logical-operand'
cc1plus: warning: unrecognized command line option '-Wno-cast-function-type'
checked program was:
/* begin */
1: #include "ruby.h"
2: 
3: int main() {return 0;}
/* end */

LD_LIBRARY_PATH=.:/rds/user/jhz22/hpc-work/lib:/usr/local/software/master/gcc/6/lib64:/usr/local/software/master/gcc/6/lib:/usr/local/Cluster-Apps/intel/2017.4/compilers_and_libraries_2017.4.196/linux/daal/lib/intel64_lin:/usr/local/Cluster-Apps/intel/2017.4/compilers_and_libraries_2017.4.196/linux/daal/../tbb/lib/intel64_lin/gcc4.4:/usr/local/Cluster-Apps/intel/2017.4/compilers_and_libraries_2017.4.196/linux/ipp/lib/intel64:/usr/local/Cluster-Apps/intel/2017.4/compilers_and_libraries_2017.4.196/linux/tbb/lib/intel64/gcc4.7:/usr/local/Cluster-Apps/intel/2017.4/debugger_2017/iga/lib:/usr/local/Cluster-Apps/intel/2017.4/debugger_2017/libipt/intel64/lib:/usr/local/Cluster-Apps/intel/2017.4/compilers_and_libraries_2017.4.196/linux/mpi/intel64/lib:/usr/local/Cluster-Apps/intel/2017.4/compilers_and_libraries_2017.4.196/linux/tbb/lib/intel64_lin/gcc4.7:/usr/local/Cluster-Apps/intel/2017.4/compilers_and_libraries_2017.4.196/linux/mkl/lib/intel64_lin:/usr/local/Cluster-Apps/intel/2017.4/compilers_and_libraries_2017.4.196/linux/compiler/lib/intel64:/usr/local/Cluster-Apps/intel/2017.4/compilers_and_libraries_2017.4.196/linux/compiler/lib/intel64_lin:/usr/local/software/global/lib:/usr/local/Cluster-Apps/vgl/2.5.1/64/lib:/usr/local/software/slurm/current/lib:/rds/user/jhz22/hpc-work/lib:/rds/user/jhz22/hpc-work/lib64:/rds/user/jhz22/hpc-work/boost_1_58_0/stage/lib:/usr/lib64 "/usr/local/software/archive/linux-scientific7-x86_64/gcc-9/gcc-6.5.0-dtb6lagchexqdijlx6xgkin3zlfddpzi/bin/g++ -o conftest -I/rds/user/jhz22/hpc-work/include/ruby-3.1.0/x86_64-linux -I/rds/user/jhz22/hpc-work/include/ruby-3.1.0/ruby/backward -I/rds/user/jhz22/hpc-work/include/ruby-3.1.0 -I. -I/rds/user/jhz22/hpc-work/include -I/rds/user/jhz22/hpc-work/openssl-1.1.1h/include    -O3 -fno-fast-math -ggdb3 -Wall -Wextra -Wdeprecated-declarations -Wduplicated-cond -Wimplicit-function-declaration -Wimplicit-int -Wmisleading-indentation -Wpointer-arith -Wwrite-strings -Wmissing-noreturn -Wno-cast-function-type -Wno-constant-logical-operand -Wno-long-long -Wno-missing-field-initializers -Wno-overlength-strings -Wno-packed-bitfield-compat -Wno-parentheses-equality -Wno-self-assign -Wno-tautological-compare -Wno-unused-parameter -Wno-unused-value -Wsuggest-attribute=format -Wsuggest-attribute=noreturn -Wunused-variable -Wno-maybe-uninitialized -Wundef  -fPIC  conftest.c  -L. -L/rds/user/jhz22/hpc-work/lib -Wl,-rpath,/rds/user/jhz22/hpc-work/lib -L/rds/user/jhz22/hpc-work/openssl-1.1.1h/lib -Wl,-rpath,/rds/user/jhz22/hpc-work/openssl-1.1.1h/lib -L. -fstack-protector-strong -rdynamic -Wl,-export-dynamic -Wl,--no-as-needed -L/rds/user/jhz22/hpc-work/lib64     -lssl -lcrypto -lcrypto -lssl -Wl,-rpath,/rds/user/jhz22/hpc-work/lib -L/rds/user/jhz22/hpc-work/lib -lruby -Wno-unused-result -lm  -lc"
cc1plus: warning: command line option '-Wimplicit-function-declaration' is valid for C/ObjC but not for C++
cc1plus: warning: command line option '-Wimplicit-int' is valid for C/ObjC but not for C++
In file included from /rds/user/jhz22/hpc-work/include/ruby-3.1.0/ruby/internal/anyargs.h:83:0,
                 from /rds/user/jhz22/hpc-work/include/ruby-3.1.0/ruby/ruby.h:26,
                 from /rds/user/jhz22/hpc-work/include/ruby-3.1.0/ruby.h:38,
                 from conftest.c:1:
/rds/user/jhz22/hpc-work/include/ruby-3.1.0/ruby/backward/cxxanyargs.hpp:540:6: warning: "RUBY_API_VERSION_MAJOR" is not defined [-Wundef]
 #if (RUBY_API_VERSION_MAJOR * 100 + RUBY_API_VERSION_MINOR) >= 301
      ^~~~~~~~~~~~~~~~~~~~~~
/rds/user/jhz22/hpc-work/include/ruby-3.1.0/ruby/backward/cxxanyargs.hpp:540:37: warning: "RUBY_API_VERSION_MINOR" is not defined [-Wundef]
 #if (RUBY_API_VERSION_MAJOR * 100 + RUBY_API_VERSION_MINOR) >= 301
                                     ^~~~~~~~~~~~~~~~~~~~~~
cc1plus: warning: unrecognized command line option '-Wno-self-assign'
cc1plus: warning: unrecognized command line option '-Wno-parentheses-equality'
cc1plus: warning: unrecognized command line option '-Wno-constant-logical-operand'
cc1plus: warning: unrecognized command line option '-Wno-cast-function-type'
checked program was:
/* begin */
1: #include "ruby.h"
2: 
3: int main() {return 0;}
/* end */

LD_LIBRARY_PATH=.:/rds/user/jhz22/hpc-work/lib:/usr/local/software/master/gcc/6/lib64:/usr/local/software/master/gcc/6/lib:/usr/local/Cluster-Apps/intel/2017.4/compilers_and_libraries_2017.4.196/linux/daal/lib/intel64_lin:/usr/local/Cluster-Apps/intel/2017.4/compilers_and_libraries_2017.4.196/linux/daal/../tbb/lib/intel64_lin/gcc4.4:/usr/local/Cluster-Apps/intel/2017.4/compilers_and_libraries_2017.4.196/linux/ipp/lib/intel64:/usr/local/Cluster-Apps/intel/2017.4/compilers_and_libraries_2017.4.196/linux/tbb/lib/intel64/gcc4.7:/usr/local/Cluster-Apps/intel/2017.4/debugger_2017/iga/lib:/usr/local/Cluster-Apps/intel/2017.4/debugger_2017/libipt/intel64/lib:/usr/local/Cluster-Apps/intel/2017.4/compilers_and_libraries_2017.4.196/linux/mpi/intel64/lib:/usr/local/Cluster-Apps/intel/2017.4/compilers_and_libraries_2017.4.196/linux/tbb/lib/intel64_lin/gcc4.7:/usr/local/Cluster-Apps/intel/2017.4/compilers_and_libraries_2017.4.196/linux/mkl/lib/intel64_lin:/usr/local/Cluster-Apps/intel/2017.4/compilers_and_libraries_2017.4.196/linux/compiler/lib/intel64:/usr/local/Cluster-Apps/intel/2017.4/compilers_and_libraries_2017.4.196/linux/compiler/lib/intel64_lin:/usr/local/software/global/lib:/usr/local/Cluster-Apps/vgl/2.5.1/64/lib:/usr/local/software/slurm/current/lib:/rds/user/jhz22/hpc-work/lib:/rds/user/jhz22/hpc-work/lib64:/rds/user/jhz22/hpc-work/boost_1_58_0/stage/lib:/usr/lib64 "/usr/local/software/archive/linux-scientific7-x86_64/gcc-9/gcc-6.5.0-dtb6lagchexqdijlx6xgkin3zlfddpzi/bin/g++ -o conftest -I/rds/user/jhz22/hpc-work/include/ruby-3.1.0/x86_64-linux -I/rds/user/jhz22/hpc-work/include/ruby-3.1.0/ruby/backward -I/rds/user/jhz22/hpc-work/include/ruby-3.1.0 -I. -I/rds/user/jhz22/hpc-work/include -I/rds/user/jhz22/hpc-work/openssl-1.1.1h/include    -O3 -fno-fast-math -ggdb3 -Wall -Wextra -Wdeprecated-declarations -Wduplicated-cond -Wimplicit-function-declaration -Wimplicit-int -Wmisleading-indentation -Wpointer-arith -Wwrite-strings -Wmissing-noreturn -Wno-cast-function-type -Wno-constant-logical-operand -Wno-long-long -Wno-missing-field-initializers -Wno-overlength-strings -Wno-packed-bitfield-compat -Wno-parentheses-equality -Wno-self-assign -Wno-tautological-compare -Wno-unused-parameter -Wno-unused-value -Wsuggest-attribute=format -Wsuggest-attribute=noreturn -Wunused-variable -Wno-maybe-uninitialized -Wundef  -fPIC  conftest.c  -L. -L/rds/user/jhz22/hpc-work/lib -Wl,-rpath,/rds/user/jhz22/hpc-work/lib -L/rds/user/jhz22/hpc-work/openssl-1.1.1h/lib -Wl,-rpath,/rds/user/jhz22/hpc-work/openssl-1.1.1h/lib -L. -fstack-protector-strong -rdynamic -Wl,-export-dynamic -Wl,--no-as-needed -L/rds/user/jhz22/hpc-work/lib64     -lssl -lcrypto -lcrypto -lssl -Wl,-rpath,/rds/user/jhz22/hpc-work/lib -L/rds/user/jhz22/hpc-work/lib -lruby -Wno-address -lm  -lc"
cc1plus: warning: command line option '-Wimplicit-function-declaration' is valid for C/ObjC but not for C++
cc1plus: warning: command line option '-Wimplicit-int' is valid for C/ObjC but not for C++
In file included from /rds/user/jhz22/hpc-work/include/ruby-3.1.0/ruby/internal/anyargs.h:83:0,
                 from /rds/user/jhz22/hpc-work/include/ruby-3.1.0/ruby/ruby.h:26,
                 from /rds/user/jhz22/hpc-work/include/ruby-3.1.0/ruby.h:38,
                 from conftest.c:1:
/rds/user/jhz22/hpc-work/include/ruby-3.1.0/ruby/backward/cxxanyargs.hpp:540:6: warning: "RUBY_API_VERSION_MAJOR" is not defined [-Wundef]
 #if (RUBY_API_VERSION_MAJOR * 100 + RUBY_API_VERSION_MINOR) >= 301
      ^~~~~~~~~~~~~~~~~~~~~~
/rds/user/jhz22/hpc-work/include/ruby-3.1.0/ruby/backward/cxxanyargs.hpp:540:37: warning: "RUBY_API_VERSION_MINOR" is not defined [-Wundef]
 #if (RUBY_API_VERSION_MAJOR * 100 + RUBY_API_VERSION_MINOR) >= 301
                                     ^~~~~~~~~~~~~~~~~~~~~~
cc1plus: warning: unrecognized command line option '-Wno-self-assign'
cc1plus: warning: unrecognized command line option '-Wno-parentheses-equality'
cc1plus: warning: unrecognized command line option '-Wno-constant-logical-operand'
cc1plus: warning: unrecognized command line option '-Wno-cast-function-type'
checked program was:
/* begin */
1: #include "ruby.h"
2: 
3: int main() {return 0;}
/* end */

LD_LIBRARY_PATH=.:/rds/user/jhz22/hpc-work/lib:/usr/local/software/master/gcc/6/lib64:/usr/local/software/master/gcc/6/lib:/usr/local/Cluster-Apps/intel/2017.4/compilers_and_libraries_2017.4.196/linux/daal/lib/intel64_lin:/usr/local/Cluster-Apps/intel/2017.4/compilers_and_libraries_2017.4.196/linux/daal/../tbb/lib/intel64_lin/gcc4.4:/usr/local/Cluster-Apps/intel/2017.4/compilers_and_libraries_2017.4.196/linux/ipp/lib/intel64:/usr/local/Cluster-Apps/intel/2017.4/compilers_and_libraries_2017.4.196/linux/tbb/lib/intel64/gcc4.7:/usr/local/Cluster-Apps/intel/2017.4/debugger_2017/iga/lib:/usr/local/Cluster-Apps/intel/2017.4/debugger_2017/libipt/intel64/lib:/usr/local/Cluster-Apps/intel/2017.4/compilers_and_libraries_2017.4.196/linux/mpi/intel64/lib:/usr/local/Cluster-Apps/intel/2017.4/compilers_and_libraries_2017.4.196/linux/tbb/lib/intel64_lin/gcc4.7:/usr/local/Cluster-Apps/intel/2017.4/compilers_and_libraries_2017.4.196/linux/mkl/lib/intel64_lin:/usr/local/Cluster-Apps/intel/2017.4/compilers_and_libraries_2017.4.196/linux/compiler/lib/intel64:/usr/local/Cluster-Apps/intel/2017.4/compilers_and_libraries_2017.4.196/linux/compiler/lib/intel64_lin:/usr/local/software/global/lib:/usr/local/Cluster-Apps/vgl/2.5.1/64/lib:/usr/local/software/slurm/current/lib:/rds/user/jhz22/hpc-work/lib:/rds/user/jhz22/hpc-work/lib64:/rds/user/jhz22/hpc-work/boost_1_58_0/stage/lib:/usr/lib64 "/usr/local/software/archive/linux-scientific7-x86_64/gcc-9/gcc-6.5.0-dtb6lagchexqdijlx6xgkin3zlfddpzi/bin/g++ -o conftest -I/rds/user/jhz22/hpc-work/include/ruby-3.1.0/x86_64-linux -I/rds/user/jhz22/hpc-work/include/ruby-3.1.0/ruby/backward -I/rds/user/jhz22/hpc-work/include/ruby-3.1.0 -I. -I/rds/user/jhz22/hpc-work/include -I/rds/user/jhz22/hpc-work/openssl-1.1.1h/include    -O3 -fno-fast-math -ggdb3 -Wall -Wextra -Wdeprecated-declarations -Wduplicated-cond -Wimplicit-function-declaration -Wimplicit-int -Wmisleading-indentation -Wpointer-arith -Wwrite-strings -Wmissing-noreturn -Wno-cast-function-type -Wno-constant-logical-operand -Wno-long-long -Wno-missing-field-initializers -Wno-overlength-strings -Wno-packed-bitfield-compat -Wno-parentheses-equality -Wno-self-assign -Wno-tautological-compare -Wno-unused-parameter -Wno-unused-value -Wsuggest-attribute=format -Wsuggest-attribute=noreturn -Wunused-variable -Wno-maybe-uninitialized -Wundef  -fPIC  conftest.c  -L. -L/rds/user/jhz22/hpc-work/lib -Wl,-rpath,/rds/user/jhz22/hpc-work/lib -L/rds/user/jhz22/hpc-work/openssl-1.1.1h/lib -Wl,-rpath,/rds/user/jhz22/hpc-work/openssl-1.1.1h/lib -L. -fstack-protector-strong -rdynamic -Wl,-export-dynamic -Wl,--no-as-needed -L/rds/user/jhz22/hpc-work/lib64     -lssl -lcrypto -lcrypto -lssl -Wl,-rpath,/rds/user/jhz22/hpc-work/lib -L/rds/user/jhz22/hpc-work/lib -lruby -lstdc++ -lm  -lc"
cc1plus: warning: command line option '-Wimplicit-function-declaration' is valid for C/ObjC but not for C++
cc1plus: warning: command line option '-Wimplicit-int' is valid for C/ObjC but not for C++
In file included from /rds/user/jhz22/hpc-work/include/ruby-3.1.0/ruby/internal/anyargs.h:83:0,
                 from /rds/user/jhz22/hpc-work/include/ruby-3.1.0/ruby/ruby.h:26,
                 from /rds/user/jhz22/hpc-work/include/ruby-3.1.0/ruby.h:38,
                 from conftest.c:1:
/rds/user/jhz22/hpc-work/include/ruby-3.1.0/ruby/backward/cxxanyargs.hpp:540:6: warning: "RUBY_API_VERSION_MAJOR" is not defined [-Wundef]
 #if (RUBY_API_VERSION_MAJOR * 100 + RUBY_API_VERSION_MINOR) >= 301
      ^~~~~~~~~~~~~~~~~~~~~~
/rds/user/jhz22/hpc-work/include/ruby-3.1.0/ruby/backward/cxxanyargs.hpp:540:37: warning: "RUBY_API_VERSION_MINOR" is not defined [-Wundef]
 #if (RUBY_API_VERSION_MAJOR * 100 + RUBY_API_VERSION_MINOR) >= 301
                                     ^~~~~~~~~~~~~~~~~~~~~~
conftest.c: In function 'int main()':
conftest.c:5:35: warning: variable 'tuple' set but not used [-Wunused-but-set-variable]
   int main(){ pair<const int,int> tuple = make_pair(1,2); }
                                   ^~~~~
At global scope:
cc1plus: warning: unrecognized command line option '-Wno-self-assign'
cc1plus: warning: unrecognized command line option '-Wno-parentheses-equality'
cc1plus: warning: unrecognized command line option '-Wno-constant-logical-operand'
cc1plus: warning: unrecognized command line option '-Wno-cast-function-type'
checked program was:
/* begin */
1: #include "ruby.h"
2: 
3:   #include <utility>
4:   using namespace std;
5:   int main(){ pair<const int,int> tuple = make_pair(1,2); }
/* end */

